{"meta": {"format": 3, "version": "7.9.2", "timestamp": "2025-11-07T09:05:00.161113", "branch_coverage": false, "show_contexts": false}, "files": {"src/backend/base/langbuilder/api/v1/api_key.py": {"executed_lines": [1, 3, 5, 6, 7, 10, 11, 12, 14, 17, 18, 31, 32, 44, 45, 56, 57], "summary": {"covered_lines": 17, "num_statements": 45, "percent_covered": 37.77777777777778, "percent_covered_display": "38", "missing_lines": 28, "excluded_lines": 0}, "missing_lines": [22, 23, 24, 26, 27, 28, 37, 38, 39, 40, 41, 49, 50, 51, 52, 53, 63, 64, 66, 67, 70, 71, 72, 73, 75, 85, 86, 88], "excluded_lines": [], "functions": {"get_api_keys_route": {"executed_lines": [], "summary": {"covered_lines": 0, "num_statements": 6, "percent_covered": 0.0, "percent_covered_display": "0", "missing_lines": 6, "excluded_lines": 0}, "missing_lines": [22, 23, 24, 26, 27, 28], "excluded_lines": []}, "create_api_key_route": {"executed_lines": [], "summary": {"covered_lines": 0, "num_statements": 5, "percent_covered": 0.0, "percent_covered_display": "0", "missing_lines": 5, "excluded_lines": 0}, "missing_lines": [37, 38, 39, 40, 41], "excluded_lines": []}, "delete_api_key_route": {"executed_lines": [], "summary": {"covered_lines": 0, "num_statements": 5, "percent_covered": 0.0, "percent_covered_display": "0", "missing_lines": 5, "excluded_lines": 0}, "missing_lines": [49, 50, 51, 52, 53], "excluded_lines": []}, "save_store_api_key": {"executed_lines": [], "summary": {"covered_lines": 0, "num_statements": 12, "percent_covered": 0.0, "percent_covered_display": "0", "missing_lines": 12, "excluded_lines": 0}, "missing_lines": [63, 64, 66, 67, 70, 71, 72, 73, 75, 85, 86, 88], "excluded_lines": []}, "": {"executed_lines": [1, 3, 5, 6, 7, 10, 11, 12, 14, 17, 18, 31, 32, 44, 45, 56, 57], "summary": {"covered_lines": 17, "num_statements": 17, "percent_covered": 100.0, "percent_covered_display": "100", "missing_lines": 0, "excluded_lines": 0}, "missing_lines": [], "excluded_lines": []}}, "classes": {"": {"executed_lines": [1, 3, 5, 6, 7, 10, 11, 12, 14, 17, 18, 31, 32, 44, 45, 56, 57], "summary": {"covered_lines": 17, "num_statements": 45, "percent_covered": 37.77777777777778, "percent_covered_display": "38", "missing_lines": 28, "excluded_lines": 0}, "missing_lines": [22, 23, 24, 26, 27, 28, 37, 38, 39, 40, 41, 49, 50, 51, 52, 53, 63, 64, 66, 67, 70, 71, 72, 73, 75, 85, 86, 88], "excluded_lines": []}}}, "src/backend/base/langbuilder/api/v1/base.py": {"executed_lines": [1, 3, 6, 7, 10, 11, 14, 15, 17, 18, 24, 25, 26, 27, 28, 32, 33, 34, 36, 37, 38, 41, 42, 43, 47, 48, 50], "summary": {"covered_lines": 27, "num_statements": 30, "percent_covered": 90.0, "percent_covered_display": "90", "missing_lines": 3, "excluded_lines": 0}, "missing_lines": [21, 39, 44], "excluded_lines": [], "functions": {"FrontendNodeRequest.serialize_model": {"executed_lines": [], "summary": {"covered_lines": 0, "num_statements": 1, "percent_covered": 0.0, "percent_covered_display": "0", "missing_lines": 1, "excluded_lines": 0}, "missing_lines": [21], "excluded_lines": []}, "CodeValidationResponse.validate_imports": {"executed_lines": [], "summary": {"covered_lines": 0, "num_statements": 1, "percent_covered": 0.0, "percent_covered_display": "0", "missing_lines": 1, "excluded_lines": 0}, "missing_lines": [39], "excluded_lines": []}, "CodeValidationResponse.validate_function": {"executed_lines": [], "summary": {"covered_lines": 0, "num_statements": 1, "percent_covered": 0.0, "percent_covered_display": "0", "missing_lines": 1, "excluded_lines": 0}, "missing_lines": [44], "excluded_lines": []}, "": {"executed_lines": [1, 3, 6, 7, 10, 11, 14, 15, 17, 18, 24, 25, 26, 27, 28, 32, 33, 34, 36, 37, 38, 41, 42, 43, 47, 48, 50], "summary": {"covered_lines": 27, "num_statements": 27, "percent_covered": 100.0, "percent_covered_display": "100", "missing_lines": 0, "excluded_lines": 0}, "missing_lines": [], "excluded_lines": []}}, "classes": {"CacheResponse": {"executed_lines": [], "summary": {"covered_lines": 0, "num_statements": 0, "percent_covered": 100.0, "percent_covered_display": "100", "missing_lines": 0, "excluded_lines": 0}, "missing_lines": [], "excluded_lines": []}, "Code": {"executed_lines": [], "summary": {"covered_lines": 0, "num_statements": 0, "percent_covered": 100.0, "percent_covered_display": "100", "missing_lines": 0, "excluded_lines": 0}, "missing_lines": [], "excluded_lines": []}, "FrontendNodeRequest": {"executed_lines": [], "summary": {"covered_lines": 0, "num_statements": 1, "percent_covered": 0.0, "percent_covered_display": "0", "missing_lines": 1, "excluded_lines": 0}, "missing_lines": [21], "excluded_lines": []}, "ValidatePromptRequest": {"executed_lines": [], "summary": {"covered_lines": 0, "num_statements": 0, "percent_covered": 100.0, "percent_covered_display": "100", "missing_lines": 0, "excluded_lines": 0}, "missing_lines": [], "excluded_lines": []}, "CodeValidationResponse": {"executed_lines": [], "summary": {"covered_lines": 0, "num_statements": 2, "percent_covered": 0.0, "percent_covered_display": "0", "missing_lines": 2, "excluded_lines": 0}, "missing_lines": [39, 44], "excluded_lines": []}, "PromptValidationResponse": {"executed_lines": [], "summary": {"covered_lines": 0, "num_statements": 0, "percent_covered": 100.0, "percent_covered_display": "100", "missing_lines": 0, "excluded_lines": 0}, "missing_lines": [], "excluded_lines": []}, "": {"executed_lines": [1, 3, 6, 7, 10, 11, 14, 15, 17, 18, 24, 25, 26, 27, 28, 32, 33, 34, 36, 37, 38, 41, 42, 43, 47, 48, 50], "summary": {"covered_lines": 27, "num_statements": 27, "percent_covered": 100.0, "percent_covered_display": "100", "missing_lines": 0, "excluded_lines": 0}, "missing_lines": [], "excluded_lines": []}}}, "src/backend/base/langbuilder/api/v1/callback.py": {"executed_lines": [], "summary": {"covered_lines": 0, "num_statements": 65, "percent_covered": 0.0, "percent_covered_display": "0", "missing_lines": 65, "excluded_lines": 0}, "missing_lines": [1, 3, 4, 6, 7, 8, 9, 11, 12, 13, 15, 16, 20, 23, 24, 26, 28, 29, 30, 31, 32, 35, 36, 37, 38, 40, 41, 43, 48, 50, 52, 53, 54, 55, 57, 60, 65, 73, 76, 78, 79, 80, 81, 83, 94, 95, 102, 103, 104, 105, 108, 110, 111, 114, 117, 118, 119, 120, 121, 123, 124, 126, 127, 131, 136], "excluded_lines": [], "functions": {"AsyncStreamingLLMCallbackHandleSIO.ignore_chain": {"executed_lines": [], "summary": {"covered_lines": 0, "num_statements": 1, "percent_covered": 0.0, "percent_covered_display": "0", "missing_lines": 1, "excluded_lines": 0}, "missing_lines": [26], "excluded_lines": []}, "AsyncStreamingLLMCallbackHandleSIO.__init__": {"executed_lines": [], "summary": {"covered_lines": 0, "num_statements": 4, "percent_covered": 0.0, "percent_covered_display": "0", "missing_lines": 4, "excluded_lines": 0}, "missing_lines": [29, 30, 31, 32], "excluded_lines": []}, "AsyncStreamingLLMCallbackHandleSIO.on_llm_new_token": {"executed_lines": [], "summary": {"covered_lines": 0, "num_statements": 2, "percent_covered": 0.0, "percent_covered_display": "0", "missing_lines": 2, "excluded_lines": 0}, "missing_lines": [37, 38], "excluded_lines": []}, "AsyncStreamingLLMCallbackHandleSIO.on_tool_start": {"executed_lines": [], "summary": {"covered_lines": 0, "num_statements": 2, "percent_covered": 0.0, "percent_covered_display": "0", "missing_lines": 2, "excluded_lines": 0}, "missing_lines": [43, 48], "excluded_lines": []}, "AsyncStreamingLLMCallbackHandleSIO.on_tool_end": {"executed_lines": [], "summary": {"covered_lines": 0, "num_statements": 13, "percent_covered": 0.0, "percent_covered_display": "0", "missing_lines": 13, "excluded_lines": 0}, "missing_lines": [52, 53, 54, 55, 57, 60, 65, 73, 76, 78, 79, 80, 81], "excluded_lines": []}, "AsyncStreamingLLMCallbackHandleSIO.on_tool_error": {"executed_lines": [], "summary": {"covered_lines": 0, "num_statements": 0, "percent_covered": 100.0, "percent_covered_display": "100", "missing_lines": 0, "excluded_lines": 0}, "missing_lines": [], "excluded_lines": []}, "AsyncStreamingLLMCallbackHandleSIO.on_text": {"executed_lines": [], "summary": {"covered_lines": 0, "num_statements": 5, "percent_covered": 0.0, "percent_covered_display": "0", "missing_lines": 5, "excluded_lines": 0}, "missing_lines": [102, 103, 104, 105, 108], "excluded_lines": []}, "AsyncStreamingLLMCallbackHandleSIO.on_agent_action": {"executed_lines": [], "summary": {"covered_lines": 0, "num_statements": 8, "percent_covered": 0.0, "percent_covered_display": "0", "missing_lines": 8, "excluded_lines": 0}, "missing_lines": [114, 117, 118, 119, 120, 121, 123, 124], "excluded_lines": []}, "AsyncStreamingLLMCallbackHandleSIO.on_agent_finish": {"executed_lines": [], "summary": {"covered_lines": 0, "num_statements": 2, "percent_covered": 0.0, "percent_covered_display": "0", "missing_lines": 2, "excluded_lines": 0}, "missing_lines": [131, 136], "excluded_lines": []}, "": {"executed_lines": [], "summary": {"covered_lines": 0, "num_statements": 28, "percent_covered": 0.0, "percent_covered_display": "0", "missing_lines": 28, "excluded_lines": 0}, "missing_lines": [1, 3, 4, 6, 7, 8, 9, 11, 12, 13, 15, 16, 20, 23, 24, 28, 35, 36, 40, 41, 50, 83, 94, 95, 110, 111, 126, 127], "excluded_lines": []}}, "classes": {"AsyncStreamingLLMCallbackHandleSIO": {"executed_lines": [], "summary": {"covered_lines": 0, "num_statements": 37, "percent_covered": 0.0, "percent_covered_display": "0", "missing_lines": 37, "excluded_lines": 0}, "missing_lines": [26, 29, 30, 31, 32, 37, 38, 43, 48, 52, 53, 54, 55, 57, 60, 65, 73, 76, 78, 79, 80, 81, 102, 103, 104, 105, 108, 114, 117, 118, 119, 120, 121, 123, 124, 131, 136], "excluded_lines": []}, "": {"executed_lines": [], "summary": {"covered_lines": 0, "num_statements": 28, "percent_covered": 0.0, "percent_covered_display": "0", "missing_lines": 28, "excluded_lines": 0}, "missing_lines": [1, 3, 4, 6, 7, 8, 9, 11, 12, 13, 15, 16, 20, 23, 24, 28, 35, 36, 40, 41, 50, 83, 94, 95, 110, 111, 126, 127], "excluded_lines": []}}}, "src/backend/base/langbuilder/api/v1/chat.py": {"executed_lines": [1, 3, 4, 5, 6, 7, 9, 18, 19, 21, 26, 27, 39, 48, 49, 50, 51, 52, 53, 54, 55, 62, 63, 65, 68, 71, 72, 142, 143, 210, 211, 225, 226, 256, 257, 418, 500, 505, 543, 561, 562], "summary": {"covered_lines": 41, "num_statements": 231, "percent_covered": 17.748917748917748, "percent_covered_display": "18", "missing_lines": 190, "excluded_lines": 0}, "missing_lines": [66, 97, 98, 99, 100, 101, 103, 104, 106, 109, 114, 115, 116, 117, 125, 126, 127, 136, 137, 138, 139, 181, 182, 183, 184, 186, 201, 202, 203, 218, 231, 233, 235, 237, 239, 240, 242, 243, 244, 246, 247, 248, 249, 250, 252, 253, 283, 284, 285, 287, 288, 289, 290, 291, 292, 293, 294, 296, 297, 298, 300, 301, 307, 308, 309, 311, 312, 313, 321, 322, 323, 324, 325, 326, 327, 328, 329, 330, 331, 333, 334, 335, 336, 337, 338, 339, 340, 341, 342, 343, 346, 348, 351, 352, 362, 363, 364, 365, 366, 367, 368, 369, 371, 377, 378, 380, 381, 383, 392, 401, 402, 411, 412, 413, 415, 419, 420, 421, 422, 423, 424, 425, 426, 428, 430, 431, 432, 433, 435, 437, 438, 439, 440, 441, 442, 444, 445, 446, 447, 448, 450, 451, 455, 456, 460, 462, 463, 464, 468, 469, 470, 471, 475, 476, 477, 478, 479, 480, 481, 482, 483, 487, 489, 490, 491, 492, 494, 495, 496, 497, 534, 535, 539, 540, 544, 545, 553, 554, 608, 610, 611, 614, 627, 628, 629, 630, 631, 632, 633, 634], "excluded_lines": [], "functions": {"retrieve_vertices_order": {"executed_lines": [], "summary": {"covered_lines": 0, "num_statements": 20, "percent_covered": 0.0, "percent_covered_display": "0", "missing_lines": 20, "excluded_lines": 0}, "missing_lines": [97, 98, 99, 100, 101, 103, 104, 106, 109, 114, 115, 116, 117, 125, 126, 127, 136, 137, 138, 139], "excluded_lines": []}, "build_flow": {"executed_lines": [], "summary": {"covered_lines": 0, "num_statements": 8, "percent_covered": 0.0, "percent_covered_display": "0", "missing_lines": 8, "excluded_lines": 0}, "missing_lines": [181, 182, 183, 184, 186, 201, 202, 203], "excluded_lines": []}, "get_build_events": {"executed_lines": [], "summary": {"covered_lines": 0, "num_statements": 1, "percent_covered": 0.0, "percent_covered_display": "0", "missing_lines": 1, "excluded_lines": 0}, "missing_lines": [218], "excluded_lines": []}, "cancel_build": {"executed_lines": [], "summary": {"covered_lines": 0, "num_statements": 16, "percent_covered": 0.0, "percent_covered_display": "0", "missing_lines": 16, "excluded_lines": 0}, "missing_lines": [231, 233, 235, 237, 239, 240, 242, 243, 244, 246, 247, 248, 249, 250, 252, 253], "excluded_lines": []}, "build_vertex": {"executed_lines": [], "summary": {"covered_lines": 0, "num_statements": 69, "percent_covered": 0.0, "percent_covered_display": "0", "missing_lines": 69, "excluded_lines": 0}, "missing_lines": [283, 284, 285, 287, 288, 289, 290, 291, 292, 293, 294, 296, 297, 298, 300, 301, 307, 308, 309, 311, 312, 313, 321, 322, 323, 324, 325, 326, 327, 328, 329, 330, 331, 333, 334, 335, 336, 337, 338, 339, 340, 341, 342, 343, 346, 348, 351, 352, 362, 363, 364, 365, 366, 367, 368, 369, 371, 377, 378, 380, 381, 383, 392, 401, 402, 411, 412, 413, 415], "excluded_lines": []}, "_stream_vertex": {"executed_lines": [], "summary": {"covered_lines": 0, "num_statements": 55, "percent_covered": 0.0, "percent_covered_display": "0", "missing_lines": 55, "excluded_lines": 0}, "missing_lines": [419, 420, 421, 422, 423, 424, 425, 426, 428, 430, 431, 432, 433, 435, 437, 438, 439, 440, 441, 442, 444, 445, 446, 447, 448, 450, 451, 455, 456, 460, 462, 463, 464, 468, 469, 470, 471, 475, 476, 477, 478, 479, 480, 481, 482, 483, 487, 489, 490, 491, 492, 494, 495, 496, 497], "excluded_lines": []}, "build_vertex_stream": {"executed_lines": [], "summary": {"covered_lines": 0, "num_statements": 4, "percent_covered": 0.0, "percent_covered_display": "0", "missing_lines": 4, "excluded_lines": 0}, "missing_lines": [534, 535, 539, 540], "excluded_lines": []}, "build_flow_and_stream": {"executed_lines": [], "summary": {"covered_lines": 0, "num_statements": 4, "percent_covered": 0.0, "percent_covered_display": "0", "missing_lines": 4, "excluded_lines": 0}, "missing_lines": [544, 545, 553, 554], "excluded_lines": []}, "build_public_tmp": {"executed_lines": [], "summary": {"covered_lines": 0, "num_statements": 12, "percent_covered": 0.0, "percent_covered_display": "0", "missing_lines": 12, "excluded_lines": 0}, "missing_lines": [608, 610, 611, 614, 627, 628, 629, 630, 631, 632, 633, 634], "excluded_lines": []}, "": {"executed_lines": [1, 3, 4, 5, 6, 7, 9, 18, 19, 21, 26, 27, 39, 48, 49, 50, 51, 52, 53, 54, 55, 62, 63, 65, 68, 71, 72, 142, 143, 210, 211, 225, 226, 256, 257, 418, 500, 505, 543, 561, 562], "summary": {"covered_lines": 41, "num_statements": 42, "percent_covered": 97.61904761904762, "percent_covered_display": "98", "missing_lines": 1, "excluded_lines": 0}, "missing_lines": [66], "excluded_lines": []}}, "classes": {"": {"executed_lines": [1, 3, 4, 5, 6, 7, 9, 18, 19, 21, 26, 27, 39, 48, 49, 50, 51, 52, 53, 54, 55, 62, 63, 65, 68, 71, 72, 142, 143, 210, 211, 225, 226, 256, 257, 418, 500, 505, 543, 561, 562], "summary": {"covered_lines": 41, "num_statements": 231, "percent_covered": 17.748917748917748, "percent_covered_display": "18", "missing_lines": 190, "excluded_lines": 0}, "missing_lines": [66, 97, 98, 99, 100, 101, 103, 104, 106, 109, 114, 115, 116, 117, 125, 126, 127, 136, 137, 138, 139, 181, 182, 183, 184, 186, 201, 202, 203, 218, 231, 233, 235, 237, 239, 240, 242, 243, 244, 246, 247, 248, 249, 250, 252, 253, 283, 284, 285, 287, 288, 289, 290, 291, 292, 293, 294, 296, 297, 298, 300, 301, 307, 308, 309, 311, 312, 313, 321, 322, 323, 324, 325, 326, 327, 328, 329, 330, 331, 333, 334, 335, 336, 337, 338, 339, 340, 341, 342, 343, 346, 348, 351, 352, 362, 363, 364, 365, 366, 367, 368, 369, 371, 377, 378, 380, 381, 383, 392, 401, 402, 411, 412, 413, 415, 419, 420, 421, 422, 423, 424, 425, 426, 428, 430, 431, 432, 433, 435, 437, 438, 439, 440, 441, 442, 444, 445, 446, 447, 448, 450, 451, 455, 456, 460, 462, 463, 464, 468, 469, 470, 471, 475, 476, 477, 478, 479, 480, 481, 482, 483, 487, 489, 490, 491, 492, 494, 495, 496, 497, 534, 535, 539, 540, 544, 545, 553, 554, 608, 610, 611, 614, 627, 628, 629, 630, 631, 632, 633, 634], "excluded_lines": []}}}, "src/backend/base/langbuilder/api/v1/endpoints.py": {"executed_lines": [1, 3, 4, 5, 6, 7, 8, 10, 11, 12, 13, 14, 15, 17, 18, 29, 30, 36, 37, 38, 39, 40, 41, 42, 43, 44, 45, 46, 47, 48, 49, 50, 51, 52, 53, 54, 56, 60, 63, 64, 80, 112, 168, 190, 225, 273, 274, 394, 395, 469, 474, 592, 596, 600, 612, 613, 624, 629, 651, 652, 656, 657, 678, 679, 747, 748], "summary": {"covered_lines": 66, "num_statements": 284, "percent_covered": 23.239436619718308, "percent_covered_display": "23", "missing_lines": 218, "excluded_lines": 0}, "missing_lines": [57, 58, 69, 71, 72, 74, 76, 77, 85, 86, 88, 89, 90, 92, 93, 94, 96, 98, 99, 100, 101, 103, 108, 109, 120, 121, 122, 123, 124, 125, 126, 127, 128, 129, 130, 131, 132, 133, 140, 141, 143, 152, 162, 164, 165, 177, 178, 186, 187, 210, 211, 212, 213, 214, 215, 216, 217, 218, 256, 257, 264, 265, 266, 267, 268, 270, 313, 314, 315, 316, 317, 319, 320, 321, 322, 323, 333, 334, 335, 337, 343, 344, 350, 351, 361, 362, 371, 373, 374, 375, 376, 377, 378, 379, 380, 389, 391, 415, 416, 417, 418, 419, 420, 421, 422, 423, 424, 426, 427, 428, 430, 432, 433, 435, 436, 437, 445, 446, 452, 453, 454, 456, 466, 531, 532, 533, 534, 535, 536, 538, 539, 540, 541, 542, 543, 544, 545, 546, 548, 551, 552, 553, 555, 556, 558, 559, 560, 561, 563, 564, 565, 567, 568, 569, 570, 571, 572, 573, 574, 575, 577, 578, 586, 587, 589, 603, 606, 618, 637, 638, 639, 641, 645, 646, 647, 653, 661, 663, 664, 665, 667, 668, 669, 674, 675, 693, 694, 695, 700, 702, 703, 704, 706, 707, 708, 709, 710, 712, 718, 719, 720, 721, 727, 728, 729, 731, 732, 738, 739, 741, 742, 743, 744, 757, 758, 759, 761, 762], "excluded_lines": [], "functions": {"get_all": {"executed_lines": [], "summary": {"covered_lines": 0, "num_statements": 6, "percent_covered": 0.0, "percent_covered_display": "0", "missing_lines": 6, "excluded_lines": 0}, "missing_lines": [69, 71, 72, 74, 76, 77], "excluded_lines": []}, "validate_input_and_tweaks": {"executed_lines": [], "summary": {"covered_lines": 0, "num_statements": 16, "percent_covered": 0.0, "percent_covered_display": "0", "missing_lines": 16, "excluded_lines": 0}, "missing_lines": [85, 86, 88, 89, 90, 92, 93, 94, 96, 98, 99, 100, 101, 103, 108, 109], "excluded_lines": []}, "simple_run_flow": {"executed_lines": [], "summary": {"covered_lines": 0, "num_statements": 21, "percent_covered": 0.0, "percent_covered_display": "0", "missing_lines": 21, "excluded_lines": 0}, "missing_lines": [120, 121, 122, 123, 124, 125, 126, 127, 128, 129, 130, 131, 132, 133, 140, 141, 143, 152, 162, 164, 165], "excluded_lines": []}, "simple_run_flow_task": {"executed_lines": [], "summary": {"covered_lines": 0, "num_statements": 4, "percent_covered": 0.0, "percent_covered_display": "0", "missing_lines": 4, "excluded_lines": 0}, "missing_lines": [177, 178, 186, 187], "excluded_lines": []}, "consume_and_yield": {"executed_lines": [], "summary": {"covered_lines": 0, "num_statements": 9, "percent_covered": 0.0, "percent_covered_display": "0", "missing_lines": 9, "excluded_lines": 0}, "missing_lines": [210, 211, 212, 213, 214, 215, 216, 217, 218], "excluded_lines": []}, "run_flow_generator": {"executed_lines": [], "summary": {"covered_lines": 0, "num_statements": 8, "percent_covered": 0.0, "percent_covered_display": "0", "missing_lines": 8, "excluded_lines": 0}, "missing_lines": [256, 257, 264, 265, 266, 267, 268, 270], "excluded_lines": []}, "simplified_run_flow": {"executed_lines": [], "summary": {"covered_lines": 0, "num_statements": 29, "percent_covered": 0.0, "percent_covered_display": "0", "missing_lines": 29, "excluded_lines": 0}, "missing_lines": [313, 314, 315, 316, 317, 319, 320, 321, 322, 323, 333, 337, 343, 344, 350, 351, 361, 362, 371, 373, 374, 375, 376, 377, 378, 379, 380, 389, 391], "excluded_lines": []}, "simplified_run_flow.on_disconnect": {"executed_lines": [], "summary": {"covered_lines": 0, "num_statements": 2, "percent_covered": 0.0, "percent_covered_display": "0", "missing_lines": 2, "excluded_lines": 0}, "missing_lines": [334, 335], "excluded_lines": []}, "webhook_run_flow": {"executed_lines": [], "summary": {"covered_lines": 0, "num_statements": 26, "percent_covered": 0.0, "percent_covered_display": "0", "missing_lines": 26, "excluded_lines": 0}, "missing_lines": [415, 416, 417, 418, 419, 420, 421, 422, 423, 424, 426, 427, 428, 430, 432, 433, 435, 436, 437, 445, 446, 452, 453, 454, 456, 466], "excluded_lines": []}, "experimental_run_flow": {"executed_lines": [], "summary": {"covered_lines": 0, "num_statements": 42, "percent_covered": 0.0, "percent_covered_display": "0", "missing_lines": 42, "excluded_lines": 0}, "missing_lines": [531, 532, 533, 534, 535, 536, 538, 539, 540, 541, 542, 543, 544, 545, 546, 548, 551, 552, 553, 555, 556, 558, 559, 560, 561, 563, 564, 565, 567, 568, 569, 570, 571, 572, 573, 574, 575, 577, 578, 586, 587, 589], "excluded_lines": []}, "process": {"executed_lines": [], "summary": {"covered_lines": 0, "num_statements": 2, "percent_covered": 0.0, "percent_covered_display": "0", "missing_lines": 2, "excluded_lines": 0}, "missing_lines": [603, 606], "excluded_lines": []}, "get_task_status": {"executed_lines": [], "summary": {"covered_lines": 0, "num_statements": 1, "percent_covered": 0.0, "percent_covered_display": "0", "missing_lines": 1, "excluded_lines": 0}, "missing_lines": [618], "excluded_lines": []}, "create_upload_file": {"executed_lines": [], "summary": {"covered_lines": 0, "num_statements": 7, "percent_covered": 0.0, "percent_covered_display": "0", "missing_lines": 7, "excluded_lines": 0}, "missing_lines": [637, 638, 639, 641, 645, 646, 647], "excluded_lines": []}, "get_version": {"executed_lines": [], "summary": {"covered_lines": 0, "num_statements": 1, "percent_covered": 0.0, "percent_covered_display": "0", "missing_lines": 1, "excluded_lines": 0}, "missing_lines": [653], "excluded_lines": []}, "custom_component": {"executed_lines": [], "summary": {"covered_lines": 0, "num_statements": 9, "percent_covered": 0.0, "percent_covered_display": "0", "missing_lines": 9, "excluded_lines": 0}, "missing_lines": [661, 663, 664, 665, 667, 668, 669, 674, 675], "excluded_lines": []}, "custom_component_update": {"executed_lines": [], "summary": {"covered_lines": 0, "num_statements": 28, "percent_covered": 0.0, "percent_covered_display": "0", "missing_lines": 28, "excluded_lines": 0}, "missing_lines": [693, 694, 695, 700, 702, 703, 704, 706, 707, 708, 709, 710, 712, 718, 719, 720, 721, 727, 728, 729, 731, 732, 738, 739, 741, 742, 743, 744], "excluded_lines": []}, "get_config": {"executed_lines": [], "summary": {"covered_lines": 0, "num_statements": 5, "percent_covered": 0.0, "percent_covered_display": "0", "missing_lines": 5, "excluded_lines": 0}, "missing_lines": [757, 758, 759, 761, 762], "excluded_lines": []}, "": {"executed_lines": [1, 3, 4, 5, 6, 7, 8, 10, 11, 12, 13, 14, 15, 17, 18, 29, 30, 36, 37, 38, 39, 40, 41, 42, 43, 44, 45, 46, 47, 48, 49, 50, 51, 52, 53, 54, 56, 60, 63, 64, 80, 112, 168, 190, 225, 273, 274, 394, 395, 469, 474, 592, 596, 600, 612, 613, 624, 629, 651, 652, 656, 657, 678, 679, 747, 748], "summary": {"covered_lines": 66, "num_statements": 68, "percent_covered": 97.05882352941177, "percent_covered_display": "97", "missing_lines": 2, "excluded_lines": 0}, "missing_lines": [57, 58], "excluded_lines": []}}, "classes": {"": {"executed_lines": [1, 3, 4, 5, 6, 7, 8, 10, 11, 12, 13, 14, 15, 17, 18, 29, 30, 36, 37, 38, 39, 40, 41, 42, 43, 44, 45, 46, 47, 48, 49, 50, 51, 52, 53, 54, 56, 60, 63, 64, 80, 112, 168, 190, 225, 273, 274, 394, 395, 469, 474, 592, 596, 600, 612, 613, 624, 629, 651, 652, 656, 657, 678, 679, 747, 748], "summary": {"covered_lines": 66, "num_statements": 284, "percent_covered": 23.239436619718308, "percent_covered_display": "23", "missing_lines": 218, "excluded_lines": 0}, "missing_lines": [57, 58, 69, 71, 72, 74, 76, 77, 85, 86, 88, 89, 90, 92, 93, 94, 96, 98, 99, 100, 101, 103, 108, 109, 120, 121, 122, 123, 124, 125, 126, 127, 128, 129, 130, 131, 132, 133, 140, 141, 143, 152, 162, 164, 165, 177, 178, 186, 187, 210, 211, 212, 213, 214, 215, 216, 217, 218, 256, 257, 264, 265, 266, 267, 268, 270, 313, 314, 315, 316, 317, 319, 320, 321, 322, 323, 333, 334, 335, 337, 343, 344, 350, 351, 361, 362, 371, 373, 374, 375, 376, 377, 378, 379, 380, 389, 391, 415, 416, 417, 418, 419, 420, 421, 422, 423, 424, 426, 427, 428, 430, 432, 433, 435, 436, 437, 445, 446, 452, 453, 454, 456, 466, 531, 532, 533, 534, 535, 536, 538, 539, 540, 541, 542, 543, 544, 545, 546, 548, 551, 552, 553, 555, 556, 558, 559, 560, 561, 563, 564, 565, 567, 568, 569, 570, 571, 572, 573, 574, 575, 577, 578, 586, 587, 589, 603, 606, 618, 637, 638, 639, 641, 645, 646, 647, 653, 661, 663, 664, 665, 667, 668, 669, 674, 675, 693, 694, 695, 700, 702, 703, 704, 706, 707, 708, 709, 710, 712, 718, 719, 720, 721, 727, 728, 729, 731, 732, 738, 739, 741, 742, 743, 744, 757, 758, 759, 761, 762], "excluded_lines": []}}}, "src/backend/base/langbuilder/api/v1/files.py": {"executed_lines": [1, 2, 3, 4, 5, 6, 7, 9, 10, 12, 13, 14, 15, 16, 17, 18, 20, 26, 40, 41, 74, 75, 103, 104, 128, 129, 147, 148, 169, 170, 182, 183], "summary": {"covered_lines": 32, "num_statements": 124, "percent_covered": 25.806451612903224, "percent_covered_display": "26", "missing_lines": 92, "excluded_lines": 0}, "missing_lines": [32, 33, 34, 35, 36, 37, 49, 50, 51, 52, 54, 55, 59, 60, 62, 63, 64, 65, 66, 67, 68, 69, 70, 71, 78, 79, 81, 82, 83, 84, 85, 86, 88, 89, 91, 92, 93, 98, 99, 100, 105, 106, 107, 109, 110, 111, 112, 113, 114, 116, 117, 118, 119, 121, 122, 123, 124, 125, 133, 134, 135, 136, 137, 138, 139, 140, 141, 143, 144, 149, 150, 151, 152, 154, 155, 157, 158, 160, 161, 163, 164, 166, 174, 175, 176, 177, 179, 188, 189, 190, 191, 193], "excluded_lines": [], "functions": {"get_flow": {"executed_lines": [], "summary": {"covered_lines": 0, "num_statements": 6, "percent_covered": 0.0, "percent_covered_display": "0", "missing_lines": 6, "excluded_lines": 0}, "missing_lines": [32, 33, 34, 35, 36, 37], "excluded_lines": []}, "upload_file": {"executed_lines": [], "summary": {"covered_lines": 0, "num_statements": 18, "percent_covered": 0.0, "percent_covered_display": "0", "missing_lines": 18, "excluded_lines": 0}, "missing_lines": [49, 50, 51, 52, 54, 55, 59, 60, 62, 63, 64, 65, 66, 67, 68, 69, 70, 71], "excluded_lines": []}, "download_file": {"executed_lines": [], "summary": {"covered_lines": 0, "num_statements": 16, "percent_covered": 0.0, "percent_covered_display": "0", "missing_lines": 16, "excluded_lines": 0}, "missing_lines": [78, 79, 81, 82, 83, 84, 85, 86, 88, 89, 91, 92, 93, 98, 99, 100], "excluded_lines": []}, "download_image": {"executed_lines": [], "summary": {"covered_lines": 0, "num_statements": 18, "percent_covered": 0.0, "percent_covered_display": "0", "missing_lines": 18, "excluded_lines": 0}, "missing_lines": [105, 106, 107, 109, 110, 111, 112, 113, 114, 116, 117, 118, 119, 121, 122, 123, 124, 125], "excluded_lines": []}, "download_profile_picture": {"executed_lines": [], "summary": {"covered_lines": 0, "num_statements": 11, "percent_covered": 0.0, "percent_covered_display": "0", "missing_lines": 11, "excluded_lines": 0}, "missing_lines": [133, 134, 135, 136, 137, 138, 139, 140, 141, 143, 144], "excluded_lines": []}, "list_profile_pictures": {"executed_lines": [], "summary": {"covered_lines": 0, "num_statements": 13, "percent_covered": 0.0, "percent_covered_display": "0", "missing_lines": 13, "excluded_lines": 0}, "missing_lines": [149, 150, 151, 152, 154, 155, 157, 158, 160, 161, 163, 164, 166], "excluded_lines": []}, "list_files": {"executed_lines": [], "summary": {"covered_lines": 0, "num_statements": 5, "percent_covered": 0.0, "percent_covered_display": "0", "missing_lines": 5, "excluded_lines": 0}, "missing_lines": [174, 175, 176, 177, 179], "excluded_lines": []}, "delete_file": {"executed_lines": [], "summary": {"covered_lines": 0, "num_statements": 5, "percent_covered": 0.0, "percent_covered_display": "0", "missing_lines": 5, "excluded_lines": 0}, "missing_lines": [188, 189, 190, 191, 193], "excluded_lines": []}, "": {"executed_lines": [1, 2, 3, 4, 5, 6, 7, 9, 10, 12, 13, 14, 15, 16, 17, 18, 20, 26, 40, 41, 74, 75, 103, 104, 128, 129, 147, 148, 169, 170, 182, 183], "summary": {"covered_lines": 32, "num_statements": 32, "percent_covered": 100.0, "percent_covered_display": "100", "missing_lines": 0, "excluded_lines": 0}, "missing_lines": [], "excluded_lines": []}}, "classes": {"": {"executed_lines": [1, 2, 3, 4, 5, 6, 7, 9, 10, 12, 13, 14, 15, 16, 17, 18, 20, 26, 40, 41, 74, 75, 103, 104, 128, 129, 147, 148, 169, 170, 182, 183], "summary": {"covered_lines": 32, "num_statements": 124, "percent_covered": 25.806451612903224, "percent_covered_display": "26", "missing_lines": 92, "excluded_lines": 0}, "missing_lines": [32, 33, 34, 35, 36, 37, 49, 50, 51, 52, 54, 55, 59, 60, 62, 63, 64, 65, 66, 67, 68, 69, 70, 71, 78, 79, 81, 82, 83, 84, 85, 86, 88, 89, 91, 92, 93, 98, 99, 100, 105, 106, 107, 109, 110, 111, 112, 113, 114, 116, 117, 118, 119, 121, 122, 123, 124, 125, 133, 134, 135, 136, 137, 138, 139, 140, 141, 143, 144, 149, 150, 151, 152, 154, 155, 157, 158, 160, 161, 163, 164, 166, 174, 175, 176, 177, 179, 188, 189, 190, 191, 193], "excluded_lines": []}}}, "src/backend/base/langbuilder/api/v1/flows.py": {"executed_lines": [1, 3, 4, 5, 6, 7, 8, 9, 11, 12, 13, 14, 15, 16, 17, 18, 19, 20, 22, 23, 24, 25, 26, 27, 35, 36, 37, 38, 39, 42, 45, 46, 47, 48, 49, 52, 53, 54, 55, 56, 61, 67, 68, 70, 71, 72, 79, 154, 155, 161, 162, 206, 209, 210, 301, 312, 313, 325, 326, 340, 341, 408, 409, 428, 429, 472, 473, 540, 541, 570, 571, 612, 615, 616], "summary": {"covered_lines": 74, "num_statements": 301, "percent_covered": 24.58471760797342, "percent_covered_display": "25", "missing_lines": 227, "excluded_lines": 0}, "missing_lines": [57, 58, 80, 85, 94, 95, 96, 97, 98, 99, 100, 101, 103, 105, 107, 115, 122, 126, 127, 129, 131, 132, 134, 136, 139, 140, 142, 143, 145, 146, 147, 148, 149, 151, 163, 167, 168, 169, 170, 172, 174, 182, 184, 186, 187, 189, 191, 192, 194, 198, 200, 203, 204, 205, 241, 242, 244, 245, 247, 248, 250, 251, 256, 257, 259, 260, 264, 266, 267, 269, 270, 272, 273, 274, 275, 276, 277, 278, 279, 281, 282, 285, 287, 289, 291, 292, 295, 297, 298, 307, 309, 320, 321, 322, 332, 333, 334, 336, 337, 349, 350, 351, 357, 358, 360, 363, 364, 366, 367, 369, 370, 372, 374, 375, 376, 378, 379, 380, 381, 383, 384, 385, 387, 389, 390, 392, 396, 397, 401, 402, 403, 405, 416, 421, 422, 423, 424, 425, 436, 437, 438, 439, 440, 441, 444, 447, 448, 449, 450, 452, 453, 454, 462, 464, 466, 467, 468, 469, 481, 482, 483, 484, 486, 487, 488, 489, 490, 491, 493, 495, 498, 499, 500, 501, 503, 504, 505, 513, 515, 517, 518, 519, 520, 521, 522, 524, 528, 530, 533, 534, 535, 537, 557, 558, 561, 562, 564, 565, 566, 567, 577, 579, 580, 582, 584, 586, 589, 590, 592, 595, 598, 601, 602, 604, 609, 628, 631, 632, 634, 636, 637, 640, 642, 643, 646, 648, 649], "excluded_lines": [], "functions": {"_verify_fs_path": {"executed_lines": [46, 47, 48, 49], "summary": {"covered_lines": 4, "num_statements": 4, "percent_covered": 100.0, "percent_covered_display": "100", "missing_lines": 0, "excluded_lines": 0}, "missing_lines": [], "excluded_lines": []}, "_save_flow_to_fs": {"executed_lines": [53, 54, 55, 56], "summary": {"covered_lines": 4, "num_statements": 6, "percent_covered": 66.66666666666667, "percent_covered_display": "67", "missing_lines": 2, "excluded_lines": 0}, "missing_lines": [57, 58], "excluded_lines": []}, "_new_flow": {"executed_lines": [67, 68, 70, 71, 72, 79], "summary": {"covered_lines": 6, "num_statements": 38, "percent_covered": 15.789473684210526, "percent_covered_display": "16", "missing_lines": 32, "excluded_lines": 0}, "missing_lines": [80, 85, 94, 95, 96, 97, 98, 99, 100, 101, 103, 105, 107, 115, 122, 126, 127, 129, 131, 132, 134, 136, 139, 140, 142, 143, 145, 146, 147, 148, 149, 151], "excluded_lines": []}, "create_flow": {"executed_lines": [161, 162, 206], "summary": {"covered_lines": 3, "num_statements": 23, "percent_covered": 13.043478260869565, "percent_covered_display": "13", "missing_lines": 20, "excluded_lines": 0}, "missing_lines": [163, 167, 168, 169, 170, 172, 174, 182, 184, 186, 187, 189, 191, 192, 194, 198, 200, 203, 204, 205], "excluded_lines": []}, "read_flows": {"executed_lines": [], "summary": {"covered_lines": 0, "num_statements": 35, "percent_covered": 0.0, "percent_covered_display": "0", "missing_lines": 35, "excluded_lines": 0}, "missing_lines": [241, 242, 244, 245, 247, 248, 250, 251, 256, 257, 259, 260, 264, 266, 267, 269, 270, 272, 273, 274, 275, 276, 277, 278, 279, 281, 282, 285, 287, 289, 291, 292, 295, 297, 298], "excluded_lines": []}, "_read_flow": {"executed_lines": [], "summary": {"covered_lines": 0, "num_statements": 2, "percent_covered": 0.0, "percent_covered_display": "0", "missing_lines": 2, "excluded_lines": 0}, "missing_lines": [307, 309], "excluded_lines": []}, "read_flow": {"executed_lines": [], "summary": {"covered_lines": 0, "num_statements": 3, "percent_covered": 0.0, "percent_covered_display": "0", "missing_lines": 3, "excluded_lines": 0}, "missing_lines": [320, 321, 322], "excluded_lines": []}, "read_public_flow": {"executed_lines": [], "summary": {"covered_lines": 0, "num_statements": 5, "percent_covered": 0.0, "percent_covered_display": "0", "missing_lines": 5, "excluded_lines": 0}, "missing_lines": [332, 333, 334, 336, 337], "excluded_lines": []}, "update_flow": {"executed_lines": [], "summary": {"covered_lines": 0, "num_statements": 33, "percent_covered": 0.0, "percent_covered_display": "0", "missing_lines": 33, "excluded_lines": 0}, "missing_lines": [349, 350, 351, 357, 358, 360, 363, 364, 366, 367, 369, 370, 372, 374, 375, 376, 378, 379, 380, 381, 383, 384, 385, 387, 389, 390, 392, 396, 397, 401, 402, 403, 405], "excluded_lines": []}, "delete_flow": {"executed_lines": [], "summary": {"covered_lines": 0, "num_statements": 6, "percent_covered": 0.0, "percent_covered_display": "0", "missing_lines": 6, "excluded_lines": 0}, "missing_lines": [416, 421, 422, 423, 424, 425], "excluded_lines": []}, "create_flows": {"executed_lines": [], "summary": {"covered_lines": 0, "num_statements": 20, "percent_covered": 0.0, "percent_covered_display": "0", "missing_lines": 20, "excluded_lines": 0}, "missing_lines": [436, 437, 438, 439, 440, 441, 444, 447, 448, 449, 450, 452, 453, 454, 462, 464, 466, 467, 468, 469], "excluded_lines": []}, "upload_file": {"executed_lines": [], "summary": {"covered_lines": 0, "num_statements": 34, "percent_covered": 0.0, "percent_covered_display": "0", "missing_lines": 34, "excluded_lines": 0}, "missing_lines": [481, 482, 483, 484, 486, 487, 488, 489, 490, 491, 493, 495, 498, 499, 500, 501, 503, 504, 505, 513, 515, 517, 518, 519, 520, 521, 522, 524, 528, 530, 533, 534, 535, 537], "excluded_lines": []}, "delete_multiple_flows": {"executed_lines": [], "summary": {"covered_lines": 0, "num_statements": 8, "percent_covered": 0.0, "percent_covered_display": "0", "missing_lines": 8, "excluded_lines": 0}, "missing_lines": [557, 558, 561, 562, 564, 565, 566, 567], "excluded_lines": []}, "download_multiple_file": {"executed_lines": [], "summary": {"covered_lines": 0, "num_statements": 15, "percent_covered": 0.0, "percent_covered_display": "0", "missing_lines": 15, "excluded_lines": 0}, "missing_lines": [577, 579, 580, 582, 584, 586, 589, 590, 592, 595, 598, 601, 602, 604, 609], "excluded_lines": []}, "read_basic_examples": {"executed_lines": [], "summary": {"covered_lines": 0, "num_statements": 12, "percent_covered": 0.0, "percent_covered_display": "0", "missing_lines": 12, "excluded_lines": 0}, "missing_lines": [628, 631, 632, 634, 636, 637, 640, 642, 643, 646, 648, 649], "excluded_lines": []}, "": {"executed_lines": [1, 3, 4, 5, 6, 7, 8, 9, 11, 12, 13, 14, 15, 16, 17, 18, 19, 20, 22, 23, 24, 25, 26, 27, 35, 36, 37, 38, 39, 42, 45, 52, 61, 154, 155, 209, 210, 301, 312, 313, 325, 326, 340, 341, 408, 409, 428, 429, 472, 473, 540, 541, 570, 571, 612, 615, 616], "summary": {"covered_lines": 57, "num_statements": 57, "percent_covered": 100.0, "percent_covered_display": "100", "missing_lines": 0, "excluded_lines": 0}, "missing_lines": [], "excluded_lines": []}}, "classes": {"": {"executed_lines": [1, 3, 4, 5, 6, 7, 8, 9, 11, 12, 13, 14, 15, 16, 17, 18, 19, 20, 22, 23, 24, 25, 26, 27, 35, 36, 37, 38, 39, 42, 45, 46, 47, 48, 49, 52, 53, 54, 55, 56, 61, 67, 68, 70, 71, 72, 79, 154, 155, 161, 162, 206, 209, 210, 301, 312, 313, 325, 326, 340, 341, 408, 409, 428, 429, 472, 473, 540, 541, 570, 571, 612, 615, 616], "summary": {"covered_lines": 74, "num_statements": 301, "percent_covered": 24.58471760797342, "percent_covered_display": "25", "missing_lines": 227, "excluded_lines": 0}, "missing_lines": [57, 58, 80, 85, 94, 95, 96, 97, 98, 99, 100, 101, 103, 105, 107, 115, 122, 126, 127, 129, 131, 132, 134, 136, 139, 140, 142, 143, 145, 146, 147, 148, 149, 151, 163, 167, 168, 169, 170, 172, 174, 182, 184, 186, 187, 189, 191, 192, 194, 198, 200, 203, 204, 205, 241, 242, 244, 245, 247, 248, 250, 251, 256, 257, 259, 260, 264, 266, 267, 269, 270, 272, 273, 274, 275, 276, 277, 278, 279, 281, 282, 285, 287, 289, 291, 292, 295, 297, 298, 307, 309, 320, 321, 322, 332, 333, 334, 336, 337, 349, 350, 351, 357, 358, 360, 363, 364, 366, 367, 369, 370, 372, 374, 375, 376, 378, 379, 380, 381, 383, 384, 385, 387, 389, 390, 392, 396, 397, 401, 402, 403, 405, 416, 421, 422, 423, 424, 425, 436, 437, 438, 439, 440, 441, 444, 447, 448, 449, 450, 452, 453, 454, 462, 464, 466, 467, 468, 469, 481, 482, 483, 484, 486, 487, 488, 489, 490, 491, 493, 495, 498, 499, 500, 501, 503, 504, 505, 513, 515, 517, 518, 519, 520, 521, 522, 524, 528, 530, 533, 534, 535, 537, 557, 558, 561, 562, 564, 565, 566, 567, 577, 579, 580, 582, 584, 586, 589, 590, 592, 595, 598, 601, 602, 604, 609, 628, 631, 632, 634, 636, 637, 640, 642, 643, 646, 648, 649], "excluded_lines": []}}}, "src/backend/base/langbuilder/api/v1/folders.py": {"executed_lines": [1, 2, 4, 5, 6, 8, 9, 10, 14, 16, 22, 23, 28, 29, 34, 35, 63, 64, 72, 73, 81, 82, 92, 93], "summary": {"covered_lines": 24, "num_statements": 45, "percent_covered": 53.333333333333336, "percent_covered_display": "53", "missing_lines": 21, "excluded_lines": 0}, "missing_lines": [25, 31, 44, 45, 46, 47, 48, 49, 50, 51, 52, 53, 54, 55, 57, 58, 60, 69, 78, 87, 95], "excluded_lines": [], "functions": {"create_folder_redirect": {"executed_lines": [], "summary": {"covered_lines": 0, "num_statements": 1, "percent_covered": 0.0, "percent_covered_display": "0", "missing_lines": 1, "excluded_lines": 0}, "missing_lines": [25], "excluded_lines": []}, "read_folders_redirect": {"executed_lines": [], "summary": {"covered_lines": 0, "num_statements": 1, "percent_covered": 0.0, "percent_covered_display": "0", "missing_lines": 1, "excluded_lines": 0}, "missing_lines": [31], "excluded_lines": []}, "read_folder_redirect": {"executed_lines": [], "summary": {"covered_lines": 0, "num_statements": 15, "percent_covered": 0.0, "percent_covered_display": "0", "missing_lines": 15, "excluded_lines": 0}, "missing_lines": [44, 45, 46, 47, 48, 49, 50, 51, 52, 53, 54, 55, 57, 58, 60], "excluded_lines": []}, "update_folder_redirect": {"executed_lines": [], "summary": {"covered_lines": 0, "num_statements": 1, "percent_covered": 0.0, "percent_covered_display": "0", "missing_lines": 1, "excluded_lines": 0}, "missing_lines": [69], "excluded_lines": []}, "delete_folder_redirect": {"executed_lines": [], "summary": {"covered_lines": 0, "num_statements": 1, "percent_covered": 0.0, "percent_covered_display": "0", "missing_lines": 1, "excluded_lines": 0}, "missing_lines": [78], "excluded_lines": []}, "download_file_redirect": {"executed_lines": [], "summary": {"covered_lines": 0, "num_statements": 1, "percent_covered": 0.0, "percent_covered_display": "0", "missing_lines": 1, "excluded_lines": 0}, "missing_lines": [87], "excluded_lines": []}, "upload_file_redirect": {"executed_lines": [], "summary": {"covered_lines": 0, "num_statements": 1, "percent_covered": 0.0, "percent_covered_display": "0", "missing_lines": 1, "excluded_lines": 0}, "missing_lines": [95], "excluded_lines": []}, "": {"executed_lines": [1, 2, 4, 5, 6, 8, 9, 10, 14, 16, 22, 23, 28, 29, 34, 35, 63, 64, 72, 73, 81, 82, 92, 93], "summary": {"covered_lines": 24, "num_statements": 24, "percent_covered": 100.0, "percent_covered_display": "100", "missing_lines": 0, "excluded_lines": 0}, "missing_lines": [], "excluded_lines": []}}, "classes": {"": {"executed_lines": [1, 2, 4, 5, 6, 8, 9, 10, 14, 16, 22, 23, 28, 29, 34, 35, 63, 64, 72, 73, 81, 82, 92, 93], "summary": {"covered_lines": 24, "num_statements": 45, "percent_covered": 53.333333333333336, "percent_covered_display": "53", "missing_lines": 21, "excluded_lines": 0}, "missing_lines": [25, 31, 44, 45, 46, 47, 48, 49, 50, 51, 52, 53, 54, 55, 57, 58, 60, 69, 78, 87, 95], "excluded_lines": []}}}, "src/backend/base/langbuilder/api/v1/login.py": {"executed_lines": [1, 3, 5, 6, 8, 9, 10, 11, 17, 18, 20, 23, 24, 29, 30, 31, 80, 81, 123, 124, 161, 162], "summary": {"covered_lines": 22, "num_statements": 58, "percent_covered": 37.93103448275862, "percent_covered_display": "38", "missing_lines": 36, "excluded_lines": 0}, "missing_lines": [32, 33, 34, 35, 40, 41, 42, 51, 60, 69, 71, 72, 73, 82, 84, 85, 86, 96, 98, 99, 100, 102, 112, 114, 129, 131, 133, 134, 135, 144, 153, 154, 163, 164, 165, 166], "excluded_lines": [], "functions": {"login_to_get_access_token": {"executed_lines": [29, 30, 31], "summary": {"covered_lines": 3, "num_statements": 16, "percent_covered": 18.75, "percent_covered_display": "19", "missing_lines": 13, "excluded_lines": 0}, "missing_lines": [32, 33, 34, 35, 40, 41, 42, 51, 60, 69, 71, 72, 73], "excluded_lines": []}, "auto_login": {"executed_lines": [], "summary": {"covered_lines": 0, "num_statements": 11, "percent_covered": 0.0, "percent_covered_display": "0", "missing_lines": 11, "excluded_lines": 0}, "missing_lines": [82, 84, 85, 86, 96, 98, 99, 100, 102, 112, 114], "excluded_lines": []}, "refresh_token": {"executed_lines": [], "summary": {"covered_lines": 0, "num_statements": 8, "percent_covered": 0.0, "percent_covered_display": "0", "missing_lines": 8, "excluded_lines": 0}, "missing_lines": [129, 131, 133, 134, 135, 144, 153, 154], "excluded_lines": []}, "logout": {"executed_lines": [], "summary": {"covered_lines": 0, "num_statements": 4, "percent_covered": 0.0, "percent_covered_display": "0", "missing_lines": 4, "excluded_lines": 0}, "missing_lines": [163, 164, 165, 166], "excluded_lines": []}, "": {"executed_lines": [1, 3, 5, 6, 8, 9, 10, 11, 17, 18, 20, 23, 24, 80, 81, 123, 124, 161, 162], "summary": {"covered_lines": 19, "num_statements": 19, "percent_covered": 100.0, "percent_covered_display": "100", "missing_lines": 0, "excluded_lines": 0}, "missing_lines": [], "excluded_lines": []}}, "classes": {"": {"executed_lines": [1, 3, 5, 6, 8, 9, 10, 11, 17, 18, 20, 23, 24, 29, 30, 31, 80, 81, 123, 124, 161, 162], "summary": {"covered_lines": 22, "num_statements": 58, "percent_covered": 37.93103448275862, "percent_covered_display": "38", "missing_lines": 36, "excluded_lines": 0}, "missing_lines": [32, 33, 34, 35, 40, 41, 42, 51, 60, 69, 71, 72, 73, 82, 84, 85, 86, 96, 98, 99, 100, 102, 112, 114, 129, 131, 133, 134, 135, 144, 153, 154, 163, 164, 165, 166], "excluded_lines": []}}}, "src/backend/base/langbuilder/api/v1/mcp.py": {"executed_lines": [1, 3, 4, 5, 6, 7, 8, 9, 10, 12, 13, 21, 23, 25, 29, 32, 36, 37, 41, 42, 47, 48, 53, 54, 59, 60, 61, 66, 69, 78, 79, 83, 84, 128, 129], "summary": {"covered_lines": 35, "num_statements": 89, "percent_covered": 39.325842696629216, "percent_covered_display": "39", "missing_lines": 54, "excluded_lines": 0}, "missing_lines": [33, 38, 44, 50, 56, 63, 71, 72, 73, 74, 75, 80, 85, 86, 87, 88, 89, 90, 91, 92, 93, 94, 96, 99, 100, 101, 103, 104, 105, 106, 107, 108, 109, 111, 112, 113, 114, 116, 117, 118, 119, 120, 121, 122, 123, 125, 130, 131, 132, 133, 134, 135, 136, 137], "excluded_lines": [], "functions": {"get_enable_progress_notifications": {"executed_lines": [], "summary": {"covered_lines": 0, "num_statements": 1, "percent_covered": 0.0, "percent_covered_display": "0", "missing_lines": 1, "excluded_lines": 0}, "missing_lines": [33], "excluded_lines": []}, "handle_list_prompts": {"executed_lines": [], "summary": {"covered_lines": 0, "num_statements": 1, "percent_covered": 0.0, "percent_covered_display": "0", "missing_lines": 1, "excluded_lines": 0}, "missing_lines": [38], "excluded_lines": []}, "handle_global_resources": {"executed_lines": [], "summary": {"covered_lines": 0, "num_statements": 1, "percent_covered": 0.0, "percent_covered_display": "0", "missing_lines": 1, "excluded_lines": 0}, "missing_lines": [44], "excluded_lines": []}, "handle_global_read_resource": {"executed_lines": [], "summary": {"covered_lines": 0, "num_statements": 1, "percent_covered": 0.0, "percent_covered_display": "0", "missing_lines": 1, "excluded_lines": 0}, "missing_lines": [50], "excluded_lines": []}, "handle_global_tools": {"executed_lines": [], "summary": {"covered_lines": 0, "num_statements": 1, "percent_covered": 0.0, "percent_covered_display": "0", "missing_lines": 1, "excluded_lines": 0}, "missing_lines": [56], "excluded_lines": []}, "handle_global_call_tool": {"executed_lines": [], "summary": {"covered_lines": 0, "num_statements": 1, "percent_covered": 0.0, "percent_covered_display": "0", "missing_lines": 1, "excluded_lines": 0}, "missing_lines": [63], "excluded_lines": []}, "find_validation_error": {"executed_lines": [], "summary": {"covered_lines": 0, "num_statements": 5, "percent_covered": 0.0, "percent_covered_display": "0", "missing_lines": 5, "excluded_lines": 0}, "missing_lines": [71, 72, 73, 74, 75], "excluded_lines": []}, "im_alive": {"executed_lines": [], "summary": {"covered_lines": 0, "num_statements": 1, "percent_covered": 0.0, "percent_covered_display": "0", "missing_lines": 1, "excluded_lines": 0}, "missing_lines": [80], "excluded_lines": []}, "handle_sse": {"executed_lines": [], "summary": {"covered_lines": 0, "num_statements": 34, "percent_covered": 0.0, "percent_covered_display": "0", "missing_lines": 34, "excluded_lines": 0}, "missing_lines": [85, 86, 87, 88, 89, 90, 91, 92, 93, 94, 96, 99, 100, 101, 103, 104, 105, 106, 107, 108, 109, 111, 112, 113, 114, 116, 117, 118, 119, 120, 121, 122, 123, 125], "excluded_lines": []}, "handle_messages": {"executed_lines": [], "summary": {"covered_lines": 0, "num_statements": 8, "percent_covered": 0.0, "percent_covered_display": "0", "missing_lines": 8, "excluded_lines": 0}, "missing_lines": [130, 131, 132, 133, 134, 135, 136, 137], "excluded_lines": []}, "": {"executed_lines": [1, 3, 4, 5, 6, 7, 8, 9, 10, 12, 13, 21, 23, 25, 29, 32, 36, 37, 41, 42, 47, 48, 53, 54, 59, 60, 61, 66, 69, 78, 79, 83, 84, 128, 129], "summary": {"covered_lines": 35, "num_statements": 35, "percent_covered": 100.0, "percent_covered_display": "100", "missing_lines": 0, "excluded_lines": 0}, "missing_lines": [], "excluded_lines": []}}, "classes": {"": {"executed_lines": [1, 3, 4, 5, 6, 7, 8, 9, 10, 12, 13, 21, 23, 25, 29, 32, 36, 37, 41, 42, 47, 48, 53, 54, 59, 60, 61, 66, 69, 78, 79, 83, 84, 128, 129], "summary": {"covered_lines": 35, "num_statements": 89, "percent_covered": 39.325842696629216, "percent_covered_display": "39", "missing_lines": 54, "excluded_lines": 0}, "missing_lines": [33, 38, 44, 50, 56, 63, 71, 72, 73, 74, 75, 80, 85, 86, 87, 88, 89, 90, 91, 92, 93, 94, 96, 99, 100, 101, 103, 104, 105, 106, 107, 108, 109, 111, 112, 113, 114, 116, 117, 118, 119, 120, 121, 122, 123, 125, 130, 131, 132, 133, 134, 135, 136, 137], "excluded_lines": []}}}, "src/backend/base/langbuilder/api/v1/mcp_projects.py": {"executed_lines": [1, 2, 3, 4, 5, 6, 7, 8, 9, 10, 11, 12, 14, 15, 16, 17, 18, 19, 20, 21, 23, 24, 32, 38, 39, 40, 41, 42, 44, 46, 49, 52, 55, 57, 58, 59, 60, 63, 64, 138, 139, 143, 144, 197, 198, 224, 225, 231, 232, 287, 315, 338, 339, 547, 548, 692, 693, 694, 695, 698, 699, 700, 704, 705, 708, 709, 713, 714, 718, 719, 720, 732, 735, 737, 738, 739, 740, 743, 745, 746, 747], "summary": {"covered_lines": 81, "num_statements": 386, "percent_covered": 20.984455958549223, "percent_covered_display": "21", "missing_lines": 305, "excluded_lines": 0}, "missing_lines": [71, 72, 73, 75, 83, 84, 87, 90, 91, 93, 95, 96, 97, 100, 103, 104, 107, 108, 117, 118, 119, 120, 121, 124, 125, 126, 128, 130, 131, 132, 133, 135, 140, 151, 152, 156, 157, 160, 161, 162, 165, 166, 168, 169, 170, 171, 173, 176, 178, 179, 180, 181, 182, 183, 184, 185, 186, 187, 188, 189, 191, 192, 194, 201, 202, 206, 207, 210, 211, 213, 214, 215, 216, 217, 218, 220, 221, 228, 238, 239, 241, 249, 250, 253, 254, 256, 257, 260, 261, 263, 264, 265, 266, 268, 269, 270, 271, 272, 273, 274, 275, 277, 279, 281, 282, 283, 284, 297, 298, 301, 302, 304, 306, 309, 310, 312, 325, 326, 328, 331, 332, 335, 347, 348, 349, 351, 353, 354, 358, 359, 362, 363, 364, 365, 366, 369, 370, 371, 374, 376, 377, 381, 382, 386, 392, 394, 395, 396, 398, 399, 400, 403, 404, 405, 408, 409, 411, 412, 414, 427, 429, 430, 431, 432, 434, 437, 443, 444, 446, 450, 451, 454, 455, 456, 457, 458, 459, 460, 461, 462, 464, 466, 473, 475, 476, 477, 482, 483, 485, 490, 491, 495, 499, 502, 503, 504, 509, 511, 513, 516, 519, 520, 521, 522, 523, 524, 526, 529, 530, 531, 534, 535, 537, 538, 539, 540, 542, 543, 544, 553, 555, 556, 560, 561, 564, 565, 567, 572, 575, 576, 577, 578, 579, 580, 581, 582, 583, 585, 590, 591, 594, 595, 598, 599, 600, 601, 602, 603, 604, 606, 611, 612, 615, 616, 617, 619, 620, 623, 624, 626, 628, 635, 637, 638, 639, 644, 645, 647, 652, 653, 656, 657, 663, 665, 666, 667, 668, 669, 670, 671, 672, 674, 679, 680, 682, 684, 685, 686, 687, 688, 702, 706, 711, 716, 722, 749, 750, 751, 752, 753, 754, 755, 758, 759, 760], "excluded_lines": [], "functions": {"get_project_sse": {"executed_lines": [57, 58, 59, 60], "summary": {"covered_lines": 4, "num_statements": 4, "percent_covered": 100.0, "percent_covered_display": "100", "missing_lines": 0, "excluded_lines": 0}, "missing_lines": [], "excluded_lines": []}, "list_project_tools": {"executed_lines": [], "summary": {"covered_lines": 0, "num_statements": 32, "percent_covered": 0.0, "percent_covered_display": "0", "missing_lines": 32, "excluded_lines": 0}, "missing_lines": [71, 72, 73, 75, 83, 84, 87, 90, 91, 93, 95, 96, 97, 100, 103, 104, 107, 108, 117, 118, 119, 120, 121, 124, 125, 126, 128, 130, 131, 132, 133, 135], "excluded_lines": []}, "im_alive": {"executed_lines": [], "summary": {"covered_lines": 0, "num_statements": 1, "percent_covered": 0.0, "percent_covered_display": "0", "missing_lines": 1, "excluded_lines": 0}, "missing_lines": [140], "excluded_lines": []}, "handle_project_sse": {"executed_lines": [], "summary": {"covered_lines": 0, "num_statements": 30, "percent_covered": 0.0, "percent_covered_display": "0", "missing_lines": 30, "excluded_lines": 0}, "missing_lines": [151, 152, 156, 157, 160, 161, 162, 165, 166, 168, 169, 170, 171, 173, 176, 178, 179, 180, 181, 182, 183, 184, 185, 186, 187, 188, 189, 191, 192, 194], "excluded_lines": []}, "handle_project_messages": {"executed_lines": [], "summary": {"covered_lines": 0, "num_statements": 14, "percent_covered": 0.0, "percent_covered_display": "0", "missing_lines": 14, "excluded_lines": 0}, "missing_lines": [201, 202, 206, 207, 210, 211, 213, 214, 215, 216, 217, 218, 220, 221], "excluded_lines": []}, "handle_project_messages_with_slash": {"executed_lines": [], "summary": {"covered_lines": 0, "num_statements": 1, "percent_covered": 0.0, "percent_covered_display": "0", "missing_lines": 1, "excluded_lines": 0}, "missing_lines": [228], "excluded_lines": []}, "update_project_mcp_settings": {"executed_lines": [], "summary": {"covered_lines": 0, "num_statements": 29, "percent_covered": 0.0, "percent_covered_display": "0", "missing_lines": 29, "excluded_lines": 0}, "missing_lines": [238, 239, 241, 249, 250, 253, 254, 256, 257, 260, 261, 263, 264, 265, 266, 268, 269, 270, 271, 272, 273, 274, 275, 277, 279, 281, 282, 283, 284], "excluded_lines": []}, "is_local_ip": {"executed_lines": [], "summary": {"covered_lines": 0, "num_statements": 9, "percent_covered": 0.0, "percent_covered_display": "0", "missing_lines": 9, "excluded_lines": 0}, "missing_lines": [297, 298, 301, 302, 304, 306, 309, 310, 312], "excluded_lines": []}, "get_client_ip": {"executed_lines": [], "summary": {"covered_lines": 0, "num_statements": 6, "percent_covered": 0.0, "percent_covered_display": "0", "missing_lines": 6, "excluded_lines": 0}, "missing_lines": [325, 326, 328, 331, 332, 335], "excluded_lines": []}, "install_mcp_config": {"executed_lines": [], "summary": {"covered_lines": 0, "num_statements": 97, "percent_covered": 0.0, "percent_covered_display": "0", "missing_lines": 97, "excluded_lines": 0}, "missing_lines": [347, 348, 349, 351, 353, 354, 358, 359, 362, 363, 364, 365, 366, 369, 370, 371, 374, 376, 377, 381, 382, 386, 392, 394, 395, 396, 398, 399, 400, 403, 404, 405, 408, 409, 411, 412, 414, 427, 429, 430, 431, 432, 434, 437, 443, 444, 446, 450, 451, 454, 455, 456, 457, 458, 459, 460, 461, 462, 464, 466, 473, 475, 476, 477, 482, 483, 485, 490, 491, 495, 499, 502, 503, 504, 509, 511, 513, 516, 519, 520, 521, 522, 523, 524, 526, 529, 530, 531, 534, 535, 537, 538, 539, 540, 542, 543, 544], "excluded_lines": []}, "check_installed_mcp_servers": {"executed_lines": [], "summary": {"covered_lines": 0, "num_statements": 71, "percent_covered": 0.0, "percent_covered_display": "0", "missing_lines": 71, "excluded_lines": 0}, "missing_lines": [553, 555, 556, 560, 561, 564, 565, 567, 572, 575, 576, 577, 578, 579, 580, 581, 582, 583, 585, 590, 591, 594, 595, 598, 599, 600, 601, 602, 603, 604, 606, 611, 612, 615, 616, 617, 619, 620, 623, 624, 626, 628, 635, 637, 638, 639, 644, 645, 647, 652, 653, 656, 657, 663, 665, 666, 667, 668, 669, 670, 671, 672, 674, 679, 680, 682, 684, 685, 686, 687, 688], "excluded_lines": []}, "ProjectMCPServer.__init__": {"executed_lines": [694, 695, 698, 699, 700, 704, 705, 708, 709, 713, 714, 718, 719, 720], "summary": {"covered_lines": 14, "num_statements": 14, "percent_covered": 100.0, "percent_covered_display": "100", "missing_lines": 0, "excluded_lines": 0}, "missing_lines": [], "excluded_lines": []}, "ProjectMCPServer.__init__.handle_list_project_tools": {"executed_lines": [], "summary": {"covered_lines": 0, "num_statements": 1, "percent_covered": 0.0, "percent_covered_display": "0", "missing_lines": 1, "excluded_lines": 0}, "missing_lines": [702], "excluded_lines": []}, "ProjectMCPServer.__init__.handle_list_prompts": {"executed_lines": [], "summary": {"covered_lines": 0, "num_statements": 1, "percent_covered": 0.0, "percent_covered_display": "0", "missing_lines": 1, "excluded_lines": 0}, "missing_lines": [706], "excluded_lines": []}, "ProjectMCPServer.__init__.handle_list_project_resources": {"executed_lines": [], "summary": {"covered_lines": 0, "num_statements": 1, "percent_covered": 0.0, "percent_covered_display": "0", "missing_lines": 1, "excluded_lines": 0}, "missing_lines": [711], "excluded_lines": []}, "ProjectMCPServer.__init__.handle_read_project_resource": {"executed_lines": [], "summary": {"covered_lines": 0, "num_statements": 1, "percent_covered": 0.0, "percent_covered_display": "0", "missing_lines": 1, "excluded_lines": 0}, "missing_lines": [716], "excluded_lines": []}, "ProjectMCPServer.__init__.handle_call_project_tool": {"executed_lines": [], "summary": {"covered_lines": 0, "num_statements": 1, "percent_covered": 0.0, "percent_covered_display": "0", "missing_lines": 1, "excluded_lines": 0}, "missing_lines": [722], "excluded_lines": []}, "get_project_mcp_server": {"executed_lines": [737, 738, 739, 740], "summary": {"covered_lines": 4, "num_statements": 4, "percent_covered": 100.0, "percent_covered_display": "100", "missing_lines": 0, "excluded_lines": 0}, "missing_lines": [], "excluded_lines": []}, "init_mcp_servers": {"executed_lines": [745, 746, 747], "summary": {"covered_lines": 3, "num_statements": 13, "percent_covered": 23.076923076923077, "percent_covered_display": "23", "missing_lines": 10, "excluded_lines": 0}, "missing_lines": [749, 750, 751, 752, 753, 754, 755, 758, 759, 760], "excluded_lines": []}, "": {"executed_lines": [1, 2, 3, 4, 5, 6, 7, 8, 9, 10, 11, 12, 14, 15, 16, 17, 18, 19, 20, 21, 23, 24, 32, 38, 39, 40, 41, 42, 44, 46, 49, 52, 55, 63, 64, 138, 139, 143, 144, 197, 198, 224, 225, 231, 232, 287, 315, 338, 339, 547, 548, 692, 693, 732, 735, 743], "summary": {"covered_lines": 56, "num_statements": 56, "percent_covered": 100.0, "percent_covered_display": "100", "missing_lines": 0, "excluded_lines": 0}, "missing_lines": [], "excluded_lines": []}}, "classes": {"ProjectMCPServer": {"executed_lines": [694, 695, 698, 699, 700, 704, 705, 708, 709, 713, 714, 718, 719, 720], "summary": {"covered_lines": 14, "num_statements": 19, "percent_covered": 73.6842105263158, "percent_covered_display": "74", "missing_lines": 5, "excluded_lines": 0}, "missing_lines": [702, 706, 711, 716, 722], "excluded_lines": []}, "": {"executed_lines": [1, 2, 3, 4, 5, 6, 7, 8, 9, 10, 11, 12, 14, 15, 16, 17, 18, 19, 20, 21, 23, 24, 32, 38, 39, 40, 41, 42, 44, 46, 49, 52, 55, 57, 58, 59, 60, 63, 64, 138, 139, 143, 144, 197, 198, 224, 225, 231, 232, 287, 315, 338, 339, 547, 548, 692, 693, 732, 735, 737, 738, 739, 740, 743, 745, 746, 747], "summary": {"covered_lines": 67, "num_statements": 367, "percent_covered": 18.256130790190735, "percent_covered_display": "18", "missing_lines": 300, "excluded_lines": 0}, "missing_lines": [71, 72, 73, 75, 83, 84, 87, 90, 91, 93, 95, 96, 97, 100, 103, 104, 107, 108, 117, 118, 119, 120, 121, 124, 125, 126, 128, 130, 131, 132, 133, 135, 140, 151, 152, 156, 157, 160, 161, 162, 165, 166, 168, 169, 170, 171, 173, 176, 178, 179, 180, 181, 182, 183, 184, 185, 186, 187, 188, 189, 191, 192, 194, 201, 202, 206, 207, 210, 211, 213, 214, 215, 216, 217, 218, 220, 221, 228, 238, 239, 241, 249, 250, 253, 254, 256, 257, 260, 261, 263, 264, 265, 266, 268, 269, 270, 271, 272, 273, 274, 275, 277, 279, 281, 282, 283, 284, 297, 298, 301, 302, 304, 306, 309, 310, 312, 325, 326, 328, 331, 332, 335, 347, 348, 349, 351, 353, 354, 358, 359, 362, 363, 364, 365, 366, 369, 370, 371, 374, 376, 377, 381, 382, 386, 392, 394, 395, 396, 398, 399, 400, 403, 404, 405, 408, 409, 411, 412, 414, 427, 429, 430, 431, 432, 434, 437, 443, 444, 446, 450, 451, 454, 455, 456, 457, 458, 459, 460, 461, 462, 464, 466, 473, 475, 476, 477, 482, 483, 485, 490, 491, 495, 499, 502, 503, 504, 509, 511, 513, 516, 519, 520, 521, 522, 523, 524, 526, 529, 530, 531, 534, 535, 537, 538, 539, 540, 542, 543, 544, 553, 555, 556, 560, 561, 564, 565, 567, 572, 575, 576, 577, 578, 579, 580, 581, 582, 583, 585, 590, 591, 594, 595, 598, 599, 600, 601, 602, 603, 604, 606, 611, 612, 615, 616, 617, 619, 620, 623, 624, 626, 628, 635, 637, 638, 639, 644, 645, 647, 652, 653, 656, 657, 663, 665, 666, 667, 668, 669, 670, 671, 672, 674, 679, 680, 682, 684, 685, 686, 687, 688, 749, 750, 751, 752, 753, 754, 755, 758, 759, 760], "excluded_lines": []}}}, "src/backend/base/langbuilder/api/v1/mcp_utils.py": {"executed_lines": [1, 6, 7, 8, 9, 10, 11, 12, 13, 15, 16, 17, 19, 20, 21, 22, 23, 24, 25, 26, 27, 28, 30, 31, 34, 37, 40, 41, 49, 52, 58, 59, 61, 68, 72, 120, 157, 278], "summary": {"covered_lines": 37, "num_statements": 209, "percent_covered": 17.70334928229665, "percent_covered_display": "18", "missing_lines": 172, "excluded_lines": 0}, "missing_lines": [42, 43, 44, 45, 46, 47, 54, 55, 62, 63, 64, 65, 69, 78, 79, 80, 81, 84, 85, 87, 89, 91, 93, 95, 96, 97, 98, 99, 101, 102, 108, 109, 110, 111, 112, 113, 114, 115, 116, 117, 122, 124, 126, 128, 131, 132, 133, 134, 136, 137, 139, 142, 143, 144, 145, 148, 149, 150, 151, 152, 153, 154, 169, 170, 171, 172, 174, 176, 178, 179, 180, 181, 184, 185, 186, 189, 192, 193, 197, 198, 202, 203, 204, 205, 206, 209, 210, 211, 212, 213, 216, 218, 219, 220, 221, 222, 224, 225, 226, 233, 235, 236, 237, 238, 240, 241, 243, 244, 246, 247, 248, 250, 251, 252, 253, 255, 257, 258, 259, 261, 262, 265, 268, 270, 271, 272, 273, 274, 275, 285, 286, 287, 289, 291, 292, 293, 296, 298, 300, 301, 302, 303, 306, 307, 310, 311, 316, 317, 318, 319, 320, 321, 322, 323, 324, 325, 326, 327, 328, 332, 333, 338, 339, 340, 341, 342, 343, 344, 345, 346, 347, 348], "excluded_lines": [], "functions": {"handle_mcp_errors": {"executed_lines": [40, 41, 49], "summary": {"covered_lines": 3, "num_statements": 3, "percent_covered": 100.0, "percent_covered_display": "100", "missing_lines": 0, "excluded_lines": 0}, "missing_lines": [], "excluded_lines": []}, "handle_mcp_errors.wrapper": {"executed_lines": [], "summary": {"covered_lines": 0, "num_statements": 6, "percent_covered": 0.0, "percent_covered_display": "0", "missing_lines": 6, "excluded_lines": 0}, "missing_lines": [42, 43, 44, 45, 46, 47], "excluded_lines": []}, "with_db_session": {"executed_lines": [], "summary": {"covered_lines": 0, "num_statements": 2, "percent_covered": 0.0, "percent_covered_display": "0", "missing_lines": 2, "excluded_lines": 0}, "missing_lines": [54, 55], "excluded_lines": []}, "MCPConfig.__new__": {"executed_lines": [], "summary": {"covered_lines": 0, "num_statements": 4, "percent_covered": 0.0, "percent_covered_display": "0", "missing_lines": 4, "excluded_lines": 0}, "missing_lines": [62, 63, 64, 65], "excluded_lines": []}, "get_mcp_config": {"executed_lines": [], "summary": {"covered_lines": 0, "num_statements": 1, "percent_covered": 0.0, "percent_covered_display": "0", "missing_lines": 1, "excluded_lines": 0}, "missing_lines": [69], "excluded_lines": []}, "handle_list_resources": {"executed_lines": [], "summary": {"covered_lines": 0, "num_statements": 27, "percent_covered": 0.0, "percent_covered_display": "0", "missing_lines": 27, "excluded_lines": 0}, "missing_lines": [78, 79, 80, 81, 84, 85, 87, 89, 91, 93, 95, 96, 97, 98, 99, 101, 102, 108, 109, 110, 111, 112, 113, 114, 115, 116, 117], "excluded_lines": []}, "handle_read_resource": {"executed_lines": [], "summary": {"covered_lines": 0, "num_statements": 22, "percent_covered": 0.0, "percent_covered_display": "0", "missing_lines": 22, "excluded_lines": 0}, "missing_lines": [122, 124, 126, 128, 131, 132, 133, 134, 136, 137, 139, 142, 143, 144, 145, 148, 149, 150, 151, 152, 153, 154], "excluded_lines": []}, "handle_call_tool": {"executed_lines": [], "summary": {"covered_lines": 0, "num_statements": 12, "percent_covered": 0.0, "percent_covered_display": "0", "missing_lines": 12, "excluded_lines": 0}, "missing_lines": [169, 170, 171, 172, 174, 176, 270, 271, 272, 273, 274, 275], "excluded_lines": []}, "handle_call_tool.execute_tool": {"executed_lines": [], "summary": {"covered_lines": 0, "num_statements": 42, "percent_covered": 0.0, "percent_covered_display": "0", "missing_lines": 42, "excluded_lines": 0}, "missing_lines": [178, 179, 180, 181, 184, 185, 186, 189, 192, 193, 197, 198, 202, 218, 219, 220, 221, 222, 224, 225, 226, 233, 235, 240, 241, 243, 244, 246, 247, 248, 250, 251, 252, 253, 255, 257, 258, 259, 261, 262, 265, 268], "excluded_lines": []}, "handle_call_tool.execute_tool.send_progress_updates": {"executed_lines": [], "summary": {"covered_lines": 0, "num_statements": 10, "percent_covered": 0.0, "percent_covered_display": "0", "missing_lines": 10, "excluded_lines": 0}, "missing_lines": [203, 204, 205, 206, 209, 210, 211, 212, 213, 216], "excluded_lines": []}, "handle_call_tool.execute_tool.add_result": {"executed_lines": [], "summary": {"covered_lines": 0, "num_statements": 3, "percent_covered": 0.0, "percent_covered_display": "0", "missing_lines": 3, "excluded_lines": 0}, "missing_lines": [236, 237, 238], "excluded_lines": []}, "handle_list_tools": {"executed_lines": [], "summary": {"covered_lines": 0, "num_statements": 43, "percent_covered": 0.0, "percent_covered_display": "0", "missing_lines": 43, "excluded_lines": 0}, "missing_lines": [285, 286, 287, 289, 291, 292, 293, 296, 298, 300, 301, 302, 303, 306, 307, 310, 311, 316, 317, 318, 319, 320, 321, 322, 323, 324, 325, 326, 327, 328, 332, 333, 338, 339, 340, 341, 342, 343, 344, 345, 346, 347, 348], "excluded_lines": []}, "": {"executed_lines": [1, 6, 7, 8, 9, 10, 11, 12, 13, 15, 16, 17, 19, 20, 21, 22, 23, 24, 25, 26, 27, 28, 30, 31, 34, 37, 52, 58, 59, 61, 68, 72, 120, 157, 278], "summary": {"covered_lines": 34, "num_statements": 34, "percent_covered": 100.0, "percent_covered_display": "100", "missing_lines": 0, "excluded_lines": 0}, "missing_lines": [], "excluded_lines": []}}, "classes": {"MCPConfig": {"executed_lines": [], "summary": {"covered_lines": 0, "num_statements": 4, "percent_covered": 0.0, "percent_covered_display": "0", "missing_lines": 4, "excluded_lines": 0}, "missing_lines": [62, 63, 64, 65], "excluded_lines": []}, "": {"executed_lines": [1, 6, 7, 8, 9, 10, 11, 12, 13, 15, 16, 17, 19, 20, 21, 22, 23, 24, 25, 26, 27, 28, 30, 31, 34, 37, 40, 41, 49, 52, 58, 59, 61, 68, 72, 120, 157, 278], "summary": {"covered_lines": 37, "num_statements": 205, "percent_covered": 18.048780487804876, "percent_covered_display": "18", "missing_lines": 168, "excluded_lines": 0}, "missing_lines": [42, 43, 44, 45, 46, 47, 54, 55, 69, 78, 79, 80, 81, 84, 85, 87, 89, 91, 93, 95, 96, 97, 98, 99, 101, 102, 108, 109, 110, 111, 112, 113, 114, 115, 116, 117, 122, 124, 126, 128, 131, 132, 133, 134, 136, 137, 139, 142, 143, 144, 145, 148, 149, 150, 151, 152, 153, 154, 169, 170, 171, 172, 174, 176, 178, 179, 180, 181, 184, 185, 186, 189, 192, 193, 197, 198, 202, 203, 204, 205, 206, 209, 210, 211, 212, 213, 216, 218, 219, 220, 221, 222, 224, 225, 226, 233, 235, 236, 237, 238, 240, 241, 243, 244, 246, 247, 248, 250, 251, 252, 253, 255, 257, 258, 259, 261, 262, 265, 268, 270, 271, 272, 273, 274, 275, 285, 286, 287, 289, 291, 292, 293, 296, 298, 300, 301, 302, 303, 306, 307, 310, 311, 316, 317, 318, 319, 320, 321, 322, 323, 324, 325, 326, 327, 328, 332, 333, 338, 339, 340, 341, 342, 343, 344, 345, 346, 347, 348], "excluded_lines": []}}}, "src/backend/base/langbuilder/api/v1/monitor.py": {"executed_lines": [1, 2, 4, 5, 6, 7, 8, 10, 11, 12, 13, 14, 15, 16, 20, 22, 25, 26, 34, 35, 43, 44, 61, 62, 92, 93, 101, 102, 128, 132, 165, 166, 183, 184], "summary": {"covered_lines": 34, "num_statements": 127, "percent_covered": 26.771653543307085, "percent_covered_display": "27", "missing_lines": 93, "excluded_lines": 0}, "missing_lines": [27, 28, 29, 30, 31, 36, 37, 38, 39, 40, 48, 49, 50, 52, 53, 55, 56, 57, 58, 70, 71, 72, 73, 74, 75, 77, 78, 79, 80, 81, 82, 83, 84, 85, 86, 87, 88, 89, 94, 95, 96, 97, 98, 107, 108, 109, 110, 112, 113, 115, 116, 117, 118, 119, 120, 121, 122, 123, 124, 125, 137, 139, 140, 141, 142, 144, 145, 147, 149, 150, 152, 154, 155, 156, 157, 158, 159, 160, 162, 170, 171, 176, 177, 178, 180, 189, 190, 195, 197, 198, 201, 202, 203], "excluded_lines": [], "functions": {"get_vertex_builds": {"executed_lines": [], "summary": {"covered_lines": 0, "num_statements": 5, "percent_covered": 0.0, "percent_covered_display": "0", "missing_lines": 5, "excluded_lines": 0}, "missing_lines": [27, 28, 29, 30, 31], "excluded_lines": []}, "delete_vertex_builds": {"executed_lines": [], "summary": {"covered_lines": 0, "num_statements": 5, "percent_covered": 0.0, "percent_covered_display": "0", "missing_lines": 5, "excluded_lines": 0}, "missing_lines": [36, 37, 38, 39, 40], "excluded_lines": []}, "get_message_sessions": {"executed_lines": [], "summary": {"covered_lines": 0, "num_statements": 9, "percent_covered": 0.0, "percent_covered_display": "0", "missing_lines": 9, "excluded_lines": 0}, "missing_lines": [48, 49, 50, 52, 53, 55, 56, 57, 58], "excluded_lines": []}, "get_messages": {"executed_lines": [], "summary": {"covered_lines": 0, "num_statements": 19, "percent_covered": 0.0, "percent_covered_display": "0", "missing_lines": 19, "excluded_lines": 0}, "missing_lines": [70, 71, 72, 73, 74, 75, 77, 78, 79, 80, 81, 82, 83, 84, 85, 86, 87, 88, 89], "excluded_lines": []}, "delete_messages": {"executed_lines": [], "summary": {"covered_lines": 0, "num_statements": 5, "percent_covered": 0.0, "percent_covered_display": "0", "missing_lines": 5, "excluded_lines": 0}, "missing_lines": [94, 95, 96, 97, 98], "excluded_lines": []}, "update_message": {"executed_lines": [], "summary": {"covered_lines": 0, "num_statements": 17, "percent_covered": 0.0, "percent_covered_display": "0", "missing_lines": 17, "excluded_lines": 0}, "missing_lines": [107, 108, 109, 110, 112, 113, 115, 116, 117, 118, 119, 120, 121, 122, 123, 124, 125], "excluded_lines": []}, "update_session_id": {"executed_lines": [], "summary": {"covered_lines": 0, "num_statements": 19, "percent_covered": 0.0, "percent_covered_display": "0", "missing_lines": 19, "excluded_lines": 0}, "missing_lines": [137, 139, 140, 141, 142, 144, 145, 147, 149, 150, 152, 154, 155, 156, 157, 158, 159, 160, 162], "excluded_lines": []}, "delete_messages_session": {"executed_lines": [], "summary": {"covered_lines": 0, "num_statements": 6, "percent_covered": 0.0, "percent_covered_display": "0", "missing_lines": 6, "excluded_lines": 0}, "missing_lines": [170, 171, 176, 177, 178, 180], "excluded_lines": []}, "get_transactions": {"executed_lines": [], "summary": {"covered_lines": 0, "num_statements": 8, "percent_covered": 0.0, "percent_covered_display": "0", "missing_lines": 8, "excluded_lines": 0}, "missing_lines": [189, 190, 195, 197, 198, 201, 202, 203], "excluded_lines": []}, "": {"executed_lines": [1, 2, 4, 5, 6, 7, 8, 10, 11, 12, 13, 14, 15, 16, 20, 22, 25, 26, 34, 35, 43, 44, 61, 62, 92, 93, 101, 102, 128, 132, 165, 166, 183, 184], "summary": {"covered_lines": 34, "num_statements": 34, "percent_covered": 100.0, "percent_covered_display": "100", "missing_lines": 0, "excluded_lines": 0}, "missing_lines": [], "excluded_lines": []}}, "classes": {"": {"executed_lines": [1, 2, 4, 5, 6, 7, 8, 10, 11, 12, 13, 14, 15, 16, 20, 22, 25, 26, 34, 35, 43, 44, 61, 62, 92, 93, 101, 102, 128, 132, 165, 166, 183, 184], "summary": {"covered_lines": 34, "num_statements": 127, "percent_covered": 26.771653543307085, "percent_covered_display": "27", "missing_lines": 93, "excluded_lines": 0}, "missing_lines": [27, 28, 29, 30, 31, 36, 37, 38, 39, 40, 48, 49, 50, 52, 53, 55, 56, 57, 58, 70, 71, 72, 73, 74, 75, 77, 78, 79, 80, 81, 82, 83, 84, 85, 86, 87, 88, 89, 94, 95, 96, 97, 98, 107, 108, 109, 110, 112, 113, 115, 116, 117, 118, 119, 120, 121, 122, 123, 124, 125, 137, 139, 140, 141, 142, 144, 145, 147, 149, 150, 152, 154, 155, 156, 157, 158, 159, 160, 162, 170, 171, 176, 177, 178, 180, 189, 190, 195, 197, 198, 201, 202, 203], "excluded_lines": []}}}, "src/backend/base/langbuilder/api/v1/projects.py": {"executed_lines": [1, 2, 3, 4, 5, 6, 7, 9, 10, 11, 12, 13, 14, 15, 16, 17, 19, 20, 21, 22, 23, 24, 25, 26, 27, 34, 36, 39, 40, 46, 47, 48, 54, 127, 128, 147, 148, 204, 205, 265, 266, 297, 298, 348, 349], "summary": {"covered_lines": 45, "num_statements": 215, "percent_covered": 20.930232558139537, "percent_covered_display": "21", "missing_lines": 170, "excluded_lines": 0}, "missing_lines": [59, 65, 66, 67, 68, 69, 71, 73, 74, 78, 79, 81, 82, 83, 85, 87, 95, 97, 100, 101, 102, 104, 105, 107, 108, 111, 112, 114, 115, 118, 119, 121, 122, 124, 133, 134, 141, 142, 143, 144, 158, 159, 166, 167, 168, 169, 171, 172, 174, 175, 176, 178, 179, 180, 181, 182, 183, 184, 185, 186, 188, 189, 192, 194, 196, 197, 199, 200, 201, 212, 213, 216, 217, 219, 220, 222, 223, 224, 225, 226, 227, 228, 230, 231, 232, 233, 234, 235, 236, 238, 240, 242, 244, 245, 246, 249, 250, 252, 253, 256, 257, 259, 260, 262, 272, 273, 276, 277, 278, 280, 283, 284, 286, 287, 289, 290, 291, 292, 293, 294, 305, 306, 307, 308, 310, 311, 313, 314, 315, 317, 318, 320, 321, 323, 324, 325, 326, 328, 330, 331, 334, 336, 342, 343, 344, 345, 356, 357, 359, 360, 362, 364, 366, 368, 369, 370, 371, 372, 373, 375, 376, 378, 379, 381, 383, 384, 385, 386, 387, 389], "excluded_lines": [], "functions": {"create_project": {"executed_lines": [46, 47, 48, 54], "summary": {"covered_lines": 4, "num_statements": 38, "percent_covered": 10.526315789473685, "percent_covered_display": "11", "missing_lines": 34, "excluded_lines": 0}, "missing_lines": [59, 65, 66, 67, 68, 69, 71, 73, 74, 78, 79, 81, 82, 83, 85, 87, 95, 97, 100, 101, 102, 104, 105, 107, 108, 111, 112, 114, 115, 118, 119, 121, 122, 124], "excluded_lines": []}, "read_projects": {"executed_lines": [], "summary": {"covered_lines": 0, "num_statements": 6, "percent_covered": 0.0, "percent_covered_display": "0", "missing_lines": 6, "excluded_lines": 0}, "missing_lines": [133, 134, 141, 142, 143, 144], "excluded_lines": []}, "read_project": {"executed_lines": [], "summary": {"covered_lines": 0, "num_statements": 29, "percent_covered": 0.0, "percent_covered_display": "0", "missing_lines": 29, "excluded_lines": 0}, "missing_lines": [158, 159, 166, 167, 168, 169, 171, 172, 174, 175, 176, 178, 179, 180, 181, 182, 183, 184, 185, 186, 188, 189, 192, 194, 196, 197, 199, 200, 201], "excluded_lines": []}, "update_project": {"executed_lines": [], "summary": {"covered_lines": 0, "num_statements": 35, "percent_covered": 0.0, "percent_covered_display": "0", "missing_lines": 35, "excluded_lines": 0}, "missing_lines": [212, 213, 216, 217, 219, 220, 222, 223, 224, 225, 226, 227, 228, 230, 231, 232, 233, 234, 235, 236, 238, 240, 242, 244, 245, 246, 249, 250, 252, 253, 256, 257, 259, 260, 262], "excluded_lines": []}, "delete_project": {"executed_lines": [], "summary": {"covered_lines": 0, "num_statements": 16, "percent_covered": 0.0, "percent_covered_display": "0", "missing_lines": 16, "excluded_lines": 0}, "missing_lines": [272, 273, 276, 277, 278, 280, 283, 284, 286, 287, 289, 290, 291, 292, 293, 294], "excluded_lines": []}, "download_file": {"executed_lines": [], "summary": {"covered_lines": 0, "num_statements": 26, "percent_covered": 0.0, "percent_covered_display": "0", "missing_lines": 26, "excluded_lines": 0}, "missing_lines": [305, 306, 307, 308, 310, 311, 313, 314, 315, 317, 318, 320, 321, 323, 324, 325, 326, 328, 330, 331, 334, 336, 342, 343, 344, 345], "excluded_lines": []}, "upload_file": {"executed_lines": [], "summary": {"covered_lines": 0, "num_statements": 24, "percent_covered": 0.0, "percent_covered_display": "0", "missing_lines": 24, "excluded_lines": 0}, "missing_lines": [356, 357, 359, 360, 362, 364, 366, 368, 369, 370, 371, 372, 373, 375, 376, 378, 379, 381, 383, 384, 385, 386, 387, 389], "excluded_lines": []}, "": {"executed_lines": [1, 2, 3, 4, 5, 6, 7, 9, 10, 11, 12, 13, 14, 15, 16, 17, 19, 20, 21, 22, 23, 24, 25, 26, 27, 34, 36, 39, 40, 127, 128, 147, 148, 204, 205, 265, 266, 297, 298, 348, 349], "summary": {"covered_lines": 41, "num_statements": 41, "percent_covered": 100.0, "percent_covered_display": "100", "missing_lines": 0, "excluded_lines": 0}, "missing_lines": [], "excluded_lines": []}}, "classes": {"": {"executed_lines": [1, 2, 3, 4, 5, 6, 7, 9, 10, 11, 12, 13, 14, 15, 16, 17, 19, 20, 21, 22, 23, 24, 25, 26, 27, 34, 36, 39, 40, 46, 47, 48, 54, 127, 128, 147, 148, 204, 205, 265, 266, 297, 298, 348, 349], "summary": {"covered_lines": 45, "num_statements": 215, "percent_covered": 20.930232558139537, "percent_covered_display": "21", "missing_lines": 170, "excluded_lines": 0}, "missing_lines": [59, 65, 66, 67, 68, 69, 71, 73, 74, 78, 79, 81, 82, 83, 85, 87, 95, 97, 100, 101, 102, 104, 105, 107, 108, 111, 112, 114, 115, 118, 119, 121, 122, 124, 133, 134, 141, 142, 143, 144, 158, 159, 166, 167, 168, 169, 171, 172, 174, 175, 176, 178, 179, 180, 181, 182, 183, 184, 185, 186, 188, 189, 192, 194, 196, 197, 199, 200, 201, 212, 213, 216, 217, 219, 220, 222, 223, 224, 225, 226, 227, 228, 230, 231, 232, 233, 234, 235, 236, 238, 240, 242, 244, 245, 246, 249, 250, 252, 253, 256, 257, 259, 260, 262, 272, 273, 276, 277, 278, 280, 283, 284, 286, 287, 289, 290, 291, 292, 293, 294, 305, 306, 307, 308, 310, 311, 313, 314, 315, 317, 318, 320, 321, 323, 324, 325, 326, 328, 330, 331, 334, 336, 342, 343, 344, 345, 356, 357, 359, 360, 362, 364, 366, 368, 369, 370, 371, 372, 373, 375, 376, 378, 379, 381, 383, 384, 385, 386, 387, 389], "excluded_lines": []}}}, "src/backend/base/langbuilder/api/v1/rbac.py": {"executed_lines": [1, 13, 14, 15, 17, 18, 19, 21, 22, 26, 27, 28, 29, 30, 32, 40, 41, 43, 44, 45, 46, 48, 51, 52, 54, 55, 56, 57, 58, 59, 60, 61, 63, 66, 67, 69, 70, 71, 72, 73, 76, 77, 79, 82, 83, 85, 86, 87, 90, 91, 93, 96, 97, 99, 100, 101, 104, 105, 107, 108, 111, 112, 114, 122, 147, 189, 197, 198, 226, 227, 265, 266, 333, 334, 406, 407, 464, 465, 507, 508], "summary": {"covered_lines": 70, "num_statements": 159, "percent_covered": 44.0251572327044, "percent_covered_display": "44", "missing_lines": 89, "excluded_lines": 0}, "missing_lines": [132, 133, 134, 135, 139, 140, 141, 168, 172, 174, 179, 180, 185, 215, 216, 217, 218, 219, 220, 250, 251, 252, 257, 258, 259, 287, 288, 291, 292, 293, 299, 300, 301, 307, 316, 318, 320, 324, 325, 326, 327, 357, 358, 361, 362, 363, 369, 370, 376, 377, 378, 384, 389, 391, 393, 397, 398, 399, 400, 428, 429, 432, 433, 434, 440, 441, 447, 449, 451, 455, 456, 457, 458, 488, 489, 491, 498, 500, 501, 528, 529, 531, 534, 536, 538, 545, 547, 549, 550], "excluded_lines": [], "functions": {"get_rbac_service": {"executed_lines": [], "summary": {"covered_lines": 0, "num_statements": 7, "percent_covered": 0.0, "percent_covered_display": "0", "missing_lines": 7, "excluded_lines": 0}, "missing_lines": [132, 133, 134, 135, 139, 140, 141], "excluded_lines": []}, "require_admin": {"executed_lines": [], "summary": {"covered_lines": 0, "num_statements": 6, "percent_covered": 0.0, "percent_covered_display": "0", "missing_lines": 6, "excluded_lines": 0}, "missing_lines": [168, 172, 174, 179, 180, 185], "excluded_lines": []}, "list_roles": {"executed_lines": [], "summary": {"covered_lines": 0, "num_statements": 6, "percent_covered": 0.0, "percent_covered_display": "0", "missing_lines": 6, "excluded_lines": 0}, "missing_lines": [215, 216, 217, 218, 219, 220], "excluded_lines": []}, "list_assignments": {"executed_lines": [], "summary": {"covered_lines": 0, "num_statements": 6, "percent_covered": 0.0, "percent_covered_display": "0", "missing_lines": 6, "excluded_lines": 0}, "missing_lines": [250, 251, 252, 257, 258, 259], "excluded_lines": []}, "create_assignment": {"executed_lines": [], "summary": {"covered_lines": 0, "num_statements": 16, "percent_covered": 0.0, "percent_covered_display": "0", "missing_lines": 16, "excluded_lines": 0}, "missing_lines": [287, 288, 291, 292, 293, 299, 300, 301, 307, 316, 318, 320, 324, 325, 326, 327], "excluded_lines": []}, "update_assignment": {"executed_lines": [], "summary": {"covered_lines": 0, "num_statements": 18, "percent_covered": 0.0, "percent_covered_display": "0", "missing_lines": 18, "excluded_lines": 0}, "missing_lines": [357, 358, 361, 362, 363, 369, 370, 376, 377, 378, 384, 389, 391, 393, 397, 398, 399, 400], "excluded_lines": []}, "delete_assignment": {"executed_lines": [], "summary": {"covered_lines": 0, "num_statements": 14, "percent_covered": 0.0, "percent_covered_display": "0", "missing_lines": 14, "excluded_lines": 0}, "missing_lines": [428, 429, 432, 433, 434, 440, 441, 447, 449, 451, 455, 456, 457, 458], "excluded_lines": []}, "check_permission": {"executed_lines": [], "summary": {"covered_lines": 0, "num_statements": 6, "percent_covered": 0.0, "percent_covered_display": "0", "missing_lines": 6, "excluded_lines": 0}, "missing_lines": [488, 489, 491, 498, 500, 501], "excluded_lines": []}, "check_permissions_batch": {"executed_lines": [], "summary": {"covered_lines": 0, "num_statements": 10, "percent_covered": 0.0, "percent_covered_display": "0", "missing_lines": 10, "excluded_lines": 0}, "missing_lines": [528, 529, 531, 534, 536, 538, 545, 547, 549, 550], "excluded_lines": []}, "": {"executed_lines": [1, 13, 14, 15, 17, 18, 19, 21, 22, 26, 27, 28, 29, 30, 32, 40, 41, 43, 44, 45, 46, 48, 51, 52, 54, 55, 56, 57, 58, 59, 60, 61, 63, 66, 67, 69, 70,
[...]
78, 486, 487, 488, 489, 490, 498, 499, 500, 501, 502, 510], "excluded_lines": []}, "get_flow_desc_from_db": {"executed_lines": [], "summary": {"covered_lines": 0, "num_statements": 8, "percent_covered": 0.0, "percent_covered_display": "0", "missing_lines": 8, "excluded_lines": 0}, "missing_lines": [525, 526, 527, 528, 529, 530, 531, 532], "excluded_lines": []}, "get_or_create_elevenlabs_client": {"executed_lines": [], "summary": {"covered_lines": 0, "num_statements": 1, "percent_covered": 0.0, "percent_covered_display": "0", "missing_lines": 1, "excluded_lines": 0}, "missing_lines": [537], "excluded_lines": []}, "pcm16_to_float_array": {"executed_lines": [], "summary": {"covered_lines": 0, "num_statements": 2, "percent_covered": 0.0, "percent_covered_display": "0", "missing_lines": 2, "excluded_lines": 0}, "missing_lines": [541, 542], "excluded_lines": []}, "text_chunker_with_timeout": {"executed_lines": [], "summary": {"covered_lines": 0, "num_statements": 26, "percent_covered": 0.0, "percent_covered_display": "0", "missing_lines": 26, "excluded_lines": 0}, "missing_lines": [546, 547, 548, 549, 550, 551, 552, 553, 554, 555, 556, 557, 558, 559, 560, 561, 562, 563, 564, 565, 566, 567, 568, 570, 571, 572], "excluded_lines": []}, "queue_generator": {"executed_lines": [], "summary": {"covered_lines": 0, "num_statements": 5, "percent_covered": 0.0, "percent_covered_display": "0", "missing_lines": 5, "excluded_lines": 0}, "missing_lines": [576, 577, 578, 579, 580], "excluded_lines": []}, "create_event_logger": {"executed_lines": [], "summary": {"covered_lines": 0, "num_statements": 3, "percent_covered": 0.0, "percent_covered_display": "0", "missing_lines": 3, "excluded_lines": 0}, "missing_lines": [584, 586, 601], "excluded_lines": []}, "create_event_logger.log_event": {"executed_lines": [], "summary": {"covered_lines": 0, "num_statements": 13, "percent_covered": 0.0, "percent_covered_display": "0", "missing_lines": 13, "excluded_lines": 0}, "missing_lines": [587, 588, 589, 590, 591, 592, 593, 594, 595, 596, 597, 598, 599], "excluded_lines": []}, "mark_response_done": {"executed_lines": [], "summary": {"covered_lines": 0, "num_statements": 2, "percent_covered": 0.0, "percent_covered_display": "0", "missing_lines": 2, "excluded_lines": 0}, "missing_lines": [609, 610], "excluded_lines": []}, "is_response_done": {"executed_lines": [], "summary": {"covered_lines": 0, "num_statements": 8, "percent_covered": 0.0, "percent_covered_display": "0", "missing_lines": 8, "excluded_lines": 0}, "missing_lines": [615, 617, 618, 619, 620, 621, 622, 623], "excluded_lines": []}, "FunctionCall.__init__": {"executed_lines": [], "summary": {"covered_lines": 0, "num_statements": 13, "percent_covered": 0.0, "percent_covered_display": "0", "missing_lines": 13, "excluded_lines": 0}, "missing_lines": [639, 640, 641, 642, 643, 644, 645, 646, 647, 648, 649, 650, 651], "excluded_lines": []}, "FunctionCall.append_args": {"executed_lines": [], "summary": {"covered_lines": 0, "num_statements": 1, "percent_covered": 0.0, "percent_covered_display": "0", "missing_lines": 1, "excluded_lines": 0}, "missing_lines": [654], "excluded_lines": []}, "FunctionCall.execute": {"executed_lines": [], "summary": {"covered_lines": 0, "num_statements": 3, "percent_covered": 0.0, "percent_covered_display": "0", "missing_lines": 3, "excluded_lines": 0}, "missing_lines": [657, 658, 659], "excluded_lines": []}, "FunctionCall._send_progress_message": {"executed_lines": [], "summary": {"covered_lines": 0, "num_statements": 3, "percent_covered": 0.0, "percent_covered_display": "0", "missing_lines": 3, "excluded_lines": 0}, "missing_lines": [663, 681, 682], "excluded_lines": []}, "FunctionCall._send_function_call": {"executed_lines": [], "summary": {"covered_lines": 0, "num_statements": 2, "percent_covered": 0.0, "percent_covered_display": "0", "missing_lines": 2, "excluded_lines": 0}, "missing_lines": [685, 698], "excluded_lines": []}, "FunctionCall._send_function_call._call": {"executed_lines": [], "summary": {"covered_lines": 0, "num_statements": 2, "percent_covered": 0.0, "percent_covered_display": "0", "missing_lines": 2, "excluded_lines": 0}, "missing_lines": [686, 696], "excluded_lines": []}, "flow_as_tool_websocket_no_session": {"executed_lines": [], "summary": {"covered_lines": 0, "num_statements": 2, "percent_covered": 0.0, "percent_covered_display": "0", "missing_lines": 2, "excluded_lines": 0}, "missing_lines": [709, 710], "excluded_lines": []}, "flow_as_tool_websocket": {"executed_lines": [], "summary": {"covered_lines": 0, "num_statements": 62, "percent_covered": 0.0, "percent_covered_display": "0", "missing_lines": 62, "excluded_lines": 0}, "missing_lines": [728, 729, 731, 733, 734, 735, 736, 737, 738, 739, 740, 741, 751, 752, 753, 754, 755, 757, 758, 763, 768, 769, 771, 773, 774, 777, 778, 779, 781, 813, 816, 821, 839, 844, 858, 859, 867, 869, 930, 978, 1095, 1097, 1099, 1101, 1102, 1105, 1106, 1107, 1108, 1109, 1111, 1112, 1115, 1116, 1117, 1118, 1120, 1121, 1122, 1123, 1126, 1127], "excluded_lines": []}, "flow_as_tool_websocket.init_session_dict": {"executed_lines": [], "summary": {"covered_lines": 0, "num_statements": 3, "percent_covered": 0.0, "percent_covered_display": "0", "missing_lines": 3, "excluded_lines": 0}, "missing_lines": [764, 765, 766], "excluded_lines": []}, "flow_as_tool_websocket.process_vad_audio": {"executed_lines": [], "summary": {"covered_lines": 0, "num_statements": 28, "percent_covered": 0.0, "percent_covered_display": "0", "missing_lines": 28, "excluded_lines": 0}, "missing_lines": [783, 784, 785, 786, 787, 788, 789, 790, 791, 792, 793, 794, 795, 796, 797, 798, 799, 800, 801, 802, 803, 804, 805, 806, 807, 809, 810, 811], "excluded_lines": []}, "flow_as_tool_websocket.client_send_event_from_thread": {"executed_lines": [], "summary": {"covered_lines": 0, "num_statements": 1, "percent_covered": 0.0, "percent_covered_display": "0", "missing_lines": 1, "excluded_lines": 0}, "missing_lines": [814], "excluded_lines": []}, "flow_as_tool_websocket.pass_through": {"executed_lines": [], "summary": {"covered_lines": 0, "num_statements": 3, "percent_covered": 0.0, "percent_covered_display": "0", "missing_lines": 3, "excluded_lines": 0}, "missing_lines": [817, 818, 819], "excluded_lines": []}, "flow_as_tool_websocket.merge": {"executed_lines": [], "summary": {"covered_lines": 0, "num_statements": 13, "percent_covered": 0.0, "percent_covered_display": "0", "missing_lines": 13, "excluded_lines": 0}, "missing_lines": [822, 823, 824, 825, 826, 827, 829, 830, 832, 833, 834, 835, 837], "excluded_lines": []}, "flow_as_tool_websocket.warn_if_present": {"executed_lines": [], "summary": {"covered_lines": 0, "num_statements": 3, "percent_covered": 0.0, "percent_covered_display": "0", "missing_lines": 3, "excluded_lines": 0}, "missing_lines": [840, 841, 842], "excluded_lines": []}, "flow_as_tool_websocket.update_global_session": {"executed_lines": [], "summary": {"covered_lines": 0, "num_statements": 5, "percent_covered": 0.0, "percent_covered_display": "0", "missing_lines": 5, "excluded_lines": 0}, "missing_lines": [846, 847, 852, 853, 856], "excluded_lines": []}, "flow_as_tool_websocket.Response.__init__": {"executed_lines": [], "summary": {"covered_lines": 0, "num_statements": 6, "percent_covered": 0.0, "percent_covered_display": "0", "missing_lines": 6, "excluded_lines": 0}, "missing_lines": [860, 861, 862, 863, 864, 865], "excluded_lines": []}, "flow_as_tool_websocket.process_text_deltas": {"executed_lines": [], "summary": {"covered_lines": 0, "num_statements": 16, "percent_covered": 0.0, "percent_covered_display": "0", "missing_lines": 16, "excluded_lines": 0}, "missing_lines": [874, 875, 876, 877, 879, 902, 904, 905, 913, 914, 916, 922, 924, 926, 927, 928], "excluded_lines": []}, "flow_as_tool_websocket.process_text_deltas.get_chunks": {"executed_lines": [], "summary": {"covered_lines": 0, "num_statements": 21, "percent_covered": 0.0, "percent_covered_display": "0", "missing_lines": 21, "excluded_lines": 0}, "missing_lines": [880, 881, 882, 883, 884, 885, 886, 887, 888, 889, 890, 891, 892, 893, 894, 895, 896, 897, 898, 899, 900], "excluded_lines": []}, "flow_as_tool_websocket.forward_to_openai": {"executed_lines": [], "summary": {"covered_lines": 0, "num_statements": 41, "percent_covered": 0.0, "percent_covered_display": "0", "missing_lines": 41, "excluded_lines": 0}, "missing_lines": [932, 933, 934, 935, 936, 937, 938, 939, 940, 941, 942, 943, 945, 946, 947, 948, 949, 950, 951, 952, 953, 954, 955, 956, 957, 958, 959, 960, 961, 962, 965, 966, 967, 968, 969, 970, 971, 972, 974, 975, 976], "excluded_lines": []}, "flow_as_tool_websocket.forward_to_client": {"executed_lines": [], "summary": {"covered_lines": 0, "num_statements": 86, "percent_covered": 0.0, "percent_covered_display": "0", "missing_lines": 86, "excluded_lines": 0}, "missing_lines": [980, 981, 982, 985, 986, 987, 988, 989, 990, 991, 993, 994, 995, 997, 998, 999, 1000, 1001, 1002, 1003, 1004, 1005, 1006, 1007, 1008, 1009, 1010, 1011, 1012, 1013, 1014, 1015, 1016, 1017, 1018, 1020, 1021, 1022, 1023, 1024, 1025, 1026, 1028, 1029, 1031, 1032, 1033, 1034, 1037, 1047, 1048, 1049, 1050, 1051, 1052, 1053, 1054, 1055, 1057, 1058, 1059, 1060, 1061, 1062, 1063, 1067, 1068, 1069, 1073, 1074, 1076, 1077, 1078, 1079, 1080, 1081, 1082, 1083, 1084, 1085, 1087, 1088, 1089, 1090, 1092, 1093], "excluded_lines": []}, "flow_tts_websocket_no_session": {"executed_lines": [], "summary": {"covered_lines": 0, "num_statements": 2, "percent_covered": 0.0, "percent_covered_display": "0", "missing_lines": 2, "excluded_lines": 0}, "missing_lines": [1137, 1138], "excluded_lines": []}, "flow_tts_websocket": {"executed_lines": [], "summary": {"covered_lines": 0, "num_statements": 32, "percent_covered": 0.0, "percent_covered_display": "0", "missing_lines": 32, "excluded_lines": 0}, "missing_lines": [1156, 1157, 1159, 1160, 1162, 1164, 1174, 1184, 1190, 1196, 1204, 1205, 1206, 1207, 1212, 1213, 1214, 1215, 1217, 1219, 1221, 1246, 1317, 1319, 1320, 1321, 1322, 1324, 1327, 1328, 1329, 1330], "excluded_lines": []}, "flow_tts_websocket.openai_writer": {"executed_lines": [], "summary": {"covered_lines": 0, "num_statements": 8, "percent_covered": 0.0, "percent_covered_display": "0", "missing_lines": 8, "excluded_lines": 0}, "missing_lines": [1165, 1166, 1167, 1168, 1169, 1170, 1171, 1172], "excluded_lines": []}, "flow_tts_websocket.client_writer": {"executed_lines": [], "summary": {"covered_lines": 0, "num_statements": 8, "percent_covered": 0.0, "percent_covered_display": "0", "missing_lines": 8, "excluded_lines": 0}, "missing_lines": [1175, 1176, 1177, 1178, 1179, 1180, 1181, 1182], "excluded_lines": []}, "flow_tts_websocket.openai_send": {"executed_lines": [], "summary": {"covered_lines": 0, "num_statements": 4, "percent_covered": 0.0, "percent_covered_display": "0", "missing_lines": 4, "excluded_lines": 0}, "missing_lines": [1185, 1186, 1187, 1188], "excluded_lines": []}, "flow_tts_websocket.client_send": {"executed_lines": [], "summary": {"covered_lines": 0, "num_statements": 4, "percent_covered": 0.0, "percent_covered_display": "0", "missing_lines": 4, "excluded_lines": 0}, "missing_lines": [1191, 1192, 1193, 1194], "excluded_lines": []}, "flow_tts_websocket.close": {"executed_lines": [], "summary": {"covered_lines": 0, "num_statements": 6, "percent_covered": 0.0, "percent_covered_display": "0", "missing_lines": 6, "excluded_lines": 0}, "missing_lines": [1197, 1198, 1199, 1200, 1201, 1202], "excluded_lines": []}, "flow_tts_websocket.forward_to_openai": {"executed_lines": [], "summary": {"covered_lines": 0, "num_statements": 22, "percent_covered": 0.0, "percent_covered_display": "0", "missing_lines": 22, "excluded_lines": 0}, "missing_lines": [1222, 1223, 1224, 1225, 1226, 1227, 1228, 1229, 1230, 1231, 1232, 1233, 1234, 1235, 1236, 1237, 1238, 1240, 1241, 1242, 1243, 1244], "excluded_lines": []}, "flow_tts_websocket.forward_to_client": {"executed_lines": [], "summary": {"covered_lines": 0, "num_statements": 38, "percent_covered": 0.0, "percent_covered_display": "0", "missing_lines": 38, "excluded_lines": 0}, "missing_lines": [1247, 1248, 1249, 1250, 1251, 1252, 1253, 1254, 1255, 1258, 1264, 1265, 1266, 1267, 1268, 1269, 1270, 1271, 1279, 1280, 1281, 1282, 1283, 1286, 1287, 1288, 1296, 1297, 1298, 1299, 1301, 1302, 1303, 1311, 1312, 1313, 1314, 1315], "excluded_lines": []}, "extract_transcript": {"executed_lines": [], "summary": {"covered_lines": 0, "num_statements": 9, "percent_covered": 0.0, "percent_covered_display": "0", "missing_lines": 9, "excluded_lines": 0}, "missing_lines": [1334, 1335, 1336, 1337, 1338, 1339, 1340, 1341, 1343], "excluded_lines": []}, "get_elevenlabs_voice_ids": {"executed_lines": [], "summary": {"covered_lines": 0, "num_statements": 17, "percent_covered": 0.0, "percent_covered_display": "0", "missing_lines": 17, "excluded_lines": 0}, "missing_lines": [1352, 1354, 1355, 1356, 1358, 1359, 1362, 1369, 1370, 1371, 1372, 1373, 1374, 1375, 1377, 1378, 1379], "excluded_lines": []}, "": {"executed_lines": [1, 2, 3, 4, 5, 6, 7, 8, 9, 10, 11, 12, 14, 15, 16, 17, 18, 19, 20, 21, 22, 23, 25, 26, 27, 28, 29, 30, 31, 32, 33, 34, 35, 36, 42, 44, 45, 46, 47, 48, 78, 79, 80, 81, 85, 86, 92, 130, 131, 160, 161, 166, 170, 171, 172, 174, 175, 203, 212, 213, 241, 244, 247, 251, 260, 293, 305, 334, 335, 348, 354, 358, 374, 381, 392, 399, 414, 513, 514, 519, 520, 521, 524, 535, 540, 545, 575, 583, 604, 605, 608, 614, 626, 627, 653, 656, 661, 684, 702, 703, 719, 720, 1130, 1131, 1147, 1148, 1333, 1346, 1347], "summary": {"covered_lines": 109, "num_statements": 109, "percent_covered": 100.0, "percent_covered_display": "100", "missing_lines": 0, "excluded_lines": 0}, "missing_lines": [], "excluded_lines": []}}, "classes": {"VoiceConfig": {"executed_lines": [], "summary": {"covered_lines": 0, "num_statements": 12, "percent_covered": 0.0, "percent_covered_display": "0", "missing_lines": 12, "excluded_lines": 0}, "missing_lines": [132, 133, 134, 135, 136, 137, 138, 139, 141, 158, 164, 167], "excluded_lines": []}, "ElevenLabsClientManager": {"executed_lines": [], "summary": {"covered_lines": 0, "num_statements": 17, "percent_covered": 0.0, "percent_covered_display": "0", "missing_lines": 17, "excluded_lines": 0}, "missing_lines": [177, 178, 179, 180, 181, 187, 188, 189, 190, 191, 192, 193, 194, 195, 197, 198, 200], "excluded_lines": []}, "TTSConfig": {"executed_lines": [], "summary": {"covered_lines": 0, "num_statements": 12, "percent_covered": 0.0, "percent_covered_display": "0", "missing_lines": 12, "excluded_lines": 0}, "missing_lines": [214, 215, 216, 217, 218, 219, 237, 238, 239, 242, 245, 248], "excluded_lines": []}, "SendQueues": {"executed_lines": [], "summary": {"covered_lines": 0, "num_statements": 46, "percent_covered": 0.0, "percent_covered_display": "0", "missing_lines": 46, "excluded_lines": 0}, "missing_lines": [336, 337, 338, 340, 341, 343, 344, 345, 346, 349, 350, 351, 352, 355, 356, 359, 360, 361, 362, 363, 364, 365, 366, 367, 368, 369, 371, 372, 375, 376, 377, 378, 379, 382, 383, 384, 385, 386, 387, 388, 389, 390, 393, 394, 395, 396], "excluded_lines": []}, "FunctionCall": {"executed_lines": [], "summary": {"covered_lines": 0, "num_statements": 24, "percent_covered": 0.0, "percent_covered_display": "0", "missing_lines": 24, "excluded_lines": 0}, "missing_lines": [639, 640, 641, 642, 643, 644, 645, 646, 647, 648, 649, 650, 651, 654, 657, 658, 659, 663, 681, 682, 685, 686, 696, 698], "excluded_lines": []}, "flow_as_tool_websocket.Response": {"executed_lines": [], "summary": {"covered_lines": 0, "num_statements": 6, "percent_covered": 0.0, "percent_covered_display": "0", "missing_lines": 6, "excluded_lines": 0}, "missing_lines": [860, 861, 862, 863, 864, 865], "excluded_lines": []}, "": {"executed_lines": [1, 2, 3, 4, 5, 6, 7, 8, 9, 10, 11, 12, 14, 15, 16, 17, 18, 19, 20, 21, 22, 23, 25, 26, 27, 28, 29, 30, 31, 32, 33, 34, 35, 36, 42, 44, 45, 46, 47, 48, 78, 79, 80, 81, 85, 86, 92, 130, 131, 160, 161, 166, 170, 171, 172, 174, 175, 203, 212, 213, 241, 244, 247, 251, 260, 293, 305, 334, 335, 348, 354, 358, 374, 381, 392, 399, 414, 513, 514, 519, 520, 521, 524, 535, 540, 545, 575, 583, 604, 605, 608, 614, 626, 627, 653, 656, 661, 684, 702, 703, 719, 720, 1130, 1131, 1147, 1148, 1333, 1346, 1347], "summary": {"covered_lines": 109, "num_statements": 723, "percent_covered": 15.076071922544951, "percent_covered_display": "15", "missing_lines": 614, "excluded_lines": 0}, "missing_lines": [87, 89, 98, 99, 106, 107, 108, 109, 112, 113, 114, 122, 123, 124, 125, 126, 127, 204, 205, 206, 207, 208, 209, 252, 253, 254, 255, 256, 257, 265, 269, 270, 271, 274, 286, 289, 290, 298, 299, 300, 301, 302, 307, 308, 309, 311, 312, 313, 314, 315, 316, 317, 318, 319, 320, 322, 323, 325, 327, 328, 329, 330, 331, 400, 401, 402, 403, 404, 405, 406, 407, 408, 409, 411, 424, 425, 426, 427, 428, 431, 437, 438, 439, 440, 441, 442, 443, 444, 452, 453, 461, 462, 463, 464, 465, 466, 474, 475, 476, 477, 478, 486, 487, 488, 489, 490, 498, 499, 500, 501, 502, 510, 525, 526, 527, 528, 529, 530, 531, 532, 537, 541, 542, 546, 547, 548, 549, 550, 551, 552, 553, 554, 555, 556, 557, 558, 559, 560, 561, 562, 563, 564, 565, 566, 567, 568, 570, 571, 572, 576, 577, 578, 579, 580, 584, 586, 587, 588, 589, 590, 591, 592, 593, 594, 595, 596, 597, 598, 599, 601, 609, 610, 615, 617, 618, 619, 620, 621, 622, 623, 709, 710, 728, 729, 731, 733, 734, 735, 736, 737, 738, 739, 740, 741, 751, 752, 753, 754, 755, 757, 758, 763, 764, 765, 766, 768, 769, 771, 773, 774, 777, 778, 779, 781, 783, 784, 785, 786, 787, 788, 789, 790, 791, 792, 793, 794, 795, 796, 797, 798, 799, 800, 801, 802, 803, 804, 805, 806, 807, 809, 810, 811, 813, 814, 816, 817, 818, 819, 821, 822, 823, 824, 825, 826, 827, 829, 830, 832, 833, 834, 835, 837, 839, 840, 841, 842, 844, 846, 847, 852, 853, 856, 858, 859, 867, 869, 874, 875, 876, 877, 879, 880, 881, 882, 883, 884, 885, 886, 887, 888, 889, 890, 891, 892, 893, 894, 895, 896, 897, 898, 899, 900, 902, 904, 905, 913, 914, 916, 922, 924, 926, 927, 928, 930, 932, 933, 934, 935, 936, 937, 938, 939, 940, 941, 942, 943, 945, 946, 947, 948, 949, 950, 951, 952, 953, 954, 955, 956, 957, 958, 959, 960, 961, 962, 965, 966, 967, 968, 969, 970, 971, 972, 974, 975, 976, 978, 980, 981, 982, 985, 986, 987, 988, 989, 990, 991, 993, 994, 995, 997, 998, 999, 1000, 1001, 1002, 1003, 1004, 1005, 1006, 1007, 1008, 1009, 1010, 1011, 1012, 1013, 1014, 1015, 1016, 1017, 1018, 1020, 1021, 1022, 1023, 1024, 1025, 1026, 1028, 1029, 1031, 1032, 1033, 1034, 1037, 1047, 1048, 1049, 1050, 1051, 1052, 1053, 1054, 1055, 1057, 1058, 1059, 1060, 1061, 1062, 1063, 1067, 1068, 1069, 1073, 1074, 1076, 1077, 1078, 1079, 1080, 1081, 1082, 1083, 1084, 1085, 1087, 1088, 1089, 1090, 1092, 1093, 1095, 1097, 1099, 1101, 1102, 1105, 1106, 1107, 1108, 1109, 1111, 1112, 1115, 1116, 1117, 1118, 1120, 1121, 1122, 1123, 1126, 1127, 1137, 1138, 1156, 1157, 1159, 1160, 1162, 1164, 1165, 1166, 1167, 1168, 1169, 1170, 1171, 1172, 1174, 1175, 1176, 1177, 1178, 1179, 1180, 1181, 1182, 1184, 1185, 1186, 1187, 1188, 1190, 1191, 1192, 1193, 1194, 1196, 1197, 1198, 1199, 1200, 1201, 1202, 1204, 1205, 1206, 1207, 1212, 1213, 1214, 1215, 1217, 1219, 1221, 1222, 1223, 1224, 1225, 1226, 1227, 1228, 1229, 1230, 1231, 1232, 1233, 1234, 1235, 1236, 1237, 1238, 1240, 1241, 1242, 1243, 1244, 1246, 1247, 1248, 1249, 1250, 1251, 1252, 1253, 1254, 1255, 1258, 1264, 1265, 1266, 1267, 1268, 1269, 1270, 1271, 1279, 1280, 1281, 1282, 1283, 1286, 1287, 1288, 1296, 1297, 1298, 1299, 1301, 1302, 1303, 1311, 1312, 1313, 1314, 1315, 1317, 1319, 1320, 1321, 1322, 1324, 1327, 1328, 1329, 1330, 1334, 1335, 1336, 1337, 1338, 1339, 1340, 1341, 1343, 1352, 1354, 1355, 1356, 1358, 1359, 1362, 1369, 1370, 1371, 1372, 1373, 1374, 1375, 1377, 1378, 1379], "excluded_lines": []}}}}, "totals": {"covered_lines": 1040, "num_statements": 3736, "percent_covered": 27.8372591006424, "percent_covered_display": "28", "missing_lines": 2696, "excluded_lines": 0}}