{"meta": {"format": 3, "version": "7.9.2", "timestamp": "2025-10-11T17:55:11.881448", "branch_coverage": false, "show_contexts": false}, "files": {"src/backend/base/langflow/services/database/models/rbac/audit_log.py": {"executed_lines": [1, 3, 4, 5, 7, 8, 10, 13, 14, 20, 22, 25, 26, 27, 28, 31, 32, 35, 36, 39, 40, 43, 46, 47, 49, 50, 51, 52, 53, 54, 55, 56, 57, 58, 59, 60], "summary": {"covered_lines": 33, "num_statements": 33, "percent_covered": 100.0, "percent_covered_display": "100", "missing_lines": 0, "excluded_lines": 0}, "missing_lines": [], "excluded_lines": [], "functions": {"": {"executed_lines": [1, 3, 4, 5, 7, 8, 10, 13, 14, 20, 22, 25, 26, 27, 28, 31, 32, 35, 36, 39, 40, 43, 46, 47, 49, 50, 51, 52, 53, 54, 55, 56, 57, 58, 59, 60], "summary": {"covered_lines": 33, "num_statements": 33, "percent_covered": 100.0, "percent_covered_display": "100", "missing_lines": 0, "excluded_lines": 0}, "missing_lines": [], "excluded_lines": []}}, "classes": {"AuditLog": {"executed_lines": [], "summary": {"covered_lines": 0, "num_statements": 0, "percent_covered": 100.0, "percent_covered_display": "100", "missing_lines": 0, "excluded_lines": 0}, "missing_lines": [], "excluded_lines": []}, "AuditLogRead": {"executed_lines": [], "summary": {"covered_lines": 0, "num_statements": 0, "percent_covered": 100.0, "percent_covered_display": "100", "missing_lines": 0, "excluded_lines": 0}, "missing_lines": [], "excluded_lines": []}, "": {"executed_lines": [1, 3, 4, 5, 7, 8, 10, 13, 14, 20, 22, 25, 26, 27, 28, 31, 32, 35, 36, 39, 40, 43, 46, 47, 49, 50, 51, 52, 53, 54, 55, 56, 57, 58, 59, 60], "summary": {"covered_lines": 33, "num_statements": 33, "percent_covered": 100.0, "percent_covered_display": "100", "missing_lines": 0, "excluded_lines": 0}, "missing_lines": [], "excluded_lines": []}}}, "src/backend/base/langflow/services/database/models/rbac/permission.py": {"executed_lines": [1, 3, 4, 5, 7, 9, 11, 15, 16, 22, 24, 27, 28, 31, 32, 35, 38, 41, 46, 49, 50, 52, 53, 54, 55, 56, 57, 58, 61, 62, 64, 65, 66, 67], "summary": {"covered_lines": 30, "num_statements": 31, "percent_covered": 96.7741935483871, "percent_covered_display": "97", "missing_lines": 1, "excluded_lines": 0}, "missing_lines": [12], "excluded_lines": [], "functions": {"": {"executed_lines": [1, 3, 4, 5, 7, 9, 11, 15, 16, 22, 24, 27, 28, 31, 32, 35, 38, 41, 46, 49, 50, 52, 53, 54, 55, 56, 57, 58, 61, 62, 64, 65, 66, 67], "summary": {"covered_lines": 30, "num_statements": 31, "percent_covered": 96.7741935483871, "percent_covered_display": "97", "missing_lines": 1, "excluded_lines": 0}, "missing_lines": [12], "excluded_lines": []}}, "classes": {"Permission": {"executed_lines": [], "summary": {"covered_lines": 0, "num_statements": 0, "percent_covered": 100.0, "percent_covered_display": "100", "missing_lines": 0, "excluded_lines": 0}, "missing_lines": [], "excluded_lines": []}, "PermissionRead": {"executed_lines": [], "summary": {"covered_lines": 0, "num_statements": 0, "percent_covered": 100.0, "percent_covered_display": "100", "missing_lines": 0, "excluded_lines": 0}, "missing_lines": [], "excluded_lines": []}, "PermissionCreate": {"executed_lines": [], "summary": {"covered_lines": 0, "num_statements": 0, "percent_covered": 100.0, "percent_covered_display": "100", "missing_lines": 0, "excluded_lines": 0}, "missing_lines": [], "excluded_lines": []}, "": {"executed_lines": [1, 3, 4, 5, 7, 9, 11, 15, 16, 22, 24, 27, 28, 31, 32, 35, 38, 41, 46, 49, 50, 52, 53, 54, 55, 56, 57, 58, 61, 62, 64, 65, 66, 67], "summary": {"covered_lines": 30, "num_statements": 31, "percent_covered": 96.7741935483871, "percent_covered_display": "97", "missing_lines": 1, "excluded_lines": 0}, "missing_lines": [12], "excluded_lines": []}}}, "src/backend/base/langflow/services/database/models/rbac/role.py": {"executed_lines": [1, 3, 4, 5, 7, 8, 10, 12, 17, 18, 24, 26, 27, 28, 29, 32, 35, 38, 39, 42, 46, 51, 52, 53, 62, 63, 65, 66, 67, 68, 69, 70, 71, 72, 75, 76, 78, 79, 80, 81, 83, 84, 85, 87, 88, 89, 90, 93, 94, 95, 100, 101, 103, 104, 105, 106], "summary": {"covered_lines": 51, "num_statements": 59, "percent_covered": 86.44067796610169, "percent_covered_display": "86", "missing_lines": 8, "excluded_lines": 0}, "missing_lines": [13, 14, 55, 56, 57, 58, 59, 97], "excluded_lines": [], "functions": {"Role.validate_name": {"executed_lines": [], "summary": {"covered_lines": 0, "num_statements": 5, "percent_covered": 0.0, "percent_covered_display": "0", "missing_lines": 5, "excluded_lines": 0}, "missing_lines": [55, 56, 57, 58, 59], "excluded_lines": []}, "RoleCreate.validate_name": {"executed_lines": [87, 88, 89, 90, 93, 94, 95], "summary": {"covered_lines": 7, "num_statements": 8, "percent_covered": 87.5, "percent_covered_display": "88", "missing_lines": 1, "excluded_lines": 0}, "missing_lines": [97], "excluded_lines": []}, "": {"executed_lines": [1, 3, 4, 5, 7, 8, 10, 12, 17, 18, 24, 26, 27, 28, 29, 32, 35, 38, 39, 42, 46, 51, 52, 53, 62, 63, 65, 66, 67, 68, 69, 70, 71, 72, 75, 76, 78, 79, 80, 81, 83, 84, 85, 100, 101, 103, 104, 105, 106], "summary": {"covered_lines": 44, "num_statements": 46, "percent_covered": 95.65217391304348, "percent_covered_display": "96", "missing_lines": 2, "excluded_lines": 0}, "missing_lines": [13, 14], "excluded_lines": []}}, "classes": {"Role": {"executed_lines": [], "summary": {"covered_lines": 0, "num_statements": 5, "percent_covered": 0.0, "percent_covered_display": "0", "missing_lines": 5, "excluded_lines": 0}, "missing_lines": [55, 56, 57, 58, 59], "excluded_lines": []}, "RoleRead": {"executed_lines": [], "summary": {"covered_lines": 0, "num_statements": 0, "percent_covered": 100.0, "percent_covered_display": "100", "missing_lines": 0, "excluded_lines": 0}, "missing_lines": [], "excluded_lines": []}, "RoleCreate": {"executed_lines": [87, 88, 89, 90, 93, 94, 95], "summary": {"covered_lines": 7, "num_statements": 8, "percent_covered": 87.5, "percent_covered_display": "88", "missing_lines": 1, "excluded_lines": 0}, "missing_lines": [97], "excluded_lines": []}, "RoleUpdate": {"executed_lines": [], "summary": {"covered_lines": 0, "num_statements": 0, "percent_covered": 100.0, "percent_covered_display": "100", "missing_lines": 0, "excluded_lines": 0}, "missing_lines": [], "excluded_lines": []}, "": {"executed_lines": [1, 3, 4, 5, 7, 8, 10, 12, 17, 18, 24, 26, 27, 28, 29, 32, 35, 38, 39, 42, 46, 51, 52, 53, 62, 63, 65, 66, 67, 68, 69, 70, 71, 72, 75, 76, 78, 79, 80, 81, 83, 84, 85, 100, 101, 103, 104, 105, 106], "summary": {"covered_lines": 44, "num_statements": 46, "percent_covered": 95.65217391304348, "percent_covered_display": "96", "missing_lines": 2, "excluded_lines": 0}, "missing_lines": [13, 14], "excluded_lines": []}}}, "src/backend/base/langflow/services/database/models/rbac/role_assignment.py": {"executed_lines": [1, 3, 4, 5, 7, 8, 9, 11, 13, 20, 21, 27, 29, 30, 33, 34, 35, 36, 39, 40, 43, 44, 45, 46, 49, 50, 51, 52, 54, 65, 66, 68, 69, 70, 71, 72, 73, 74, 75, 76, 77, 78, 79, 82, 83, 85, 86, 87, 88, 89, 90, 91, 92, 94, 95, 96, 98, 99, 100, 101, 102, 104, 105, 106, 108, 109, 110, 111, 112, 114, 116, 117, 118, 119, 120, 121, 124, 125, 126], "summary": {"covered_lines": 75, "num_statements": 79, "percent_covered": 94.9367088607595, "percent_covered_display": "95", "missing_lines": 4, "excluded_lines": 0}, "missing_lines": [14, 15, 16, 17], "excluded_lines": [], "functions": {"RoleAssignmentCreate.validate_assignee_type": {"executed_lines": [98, 99, 100, 101, 102], "summary": {"covered_lines": 5, "num_statements": 5, "percent_covered": 100.0, "percent_covered_display": "100", "missing_lines": 0, "excluded_lines": 0}, "missing_lines": [], "excluded_lines": []}, "RoleAssignmentCreate.validate_scope_type": {"executed_lines": [108, 109, 110, 111, 112], "summary": {"covered_lines": 5, "num_statements": 5, "percent_covered": 100.0, "percent_covered_display": "100", "missing_lines": 0, "excluded_lines": 0}, "missing_lines": [], "excluded_lines": []}, "RoleAssignmentCreate.model_post_init": {"executed_lines": [116, 117, 118, 119, 120, 121, 124, 125, 126], "summary": {"covered_lines": 9, "num_statements": 9, "percent_covered": 100.0, "percent_covered_display": "100", "missing_lines": 0, "excluded_lines": 0}, "missing_lines": [], "excluded_lines": []}, "": {"executed_lines": [1, 3, 4, 5, 7, 8, 9, 11, 13, 20, 21, 27, 29, 30, 33, 34, 35, 36, 39, 40, 43, 44, 45, 46, 49, 50, 51, 52, 54, 65, 66, 68, 69, 70, 71, 72, 73, 74, 75, 76, 77, 78, 79, 82, 83, 85, 86, 87, 88, 89, 90, 91, 92, 94, 95, 96, 104, 105, 106, 114], "summary": {"covered_lines": 56, "num_statements": 60, "percent_covered": 93.33333333333333, "percent_covered_display": "93", "missing_lines": 4, "excluded_lines": 0}, "missing_lines": [14, 15, 16, 17], "excluded_lines": []}}, "classes": {"RoleAssignment": {"executed_lines": [], "summary": {"covered_lines": 0, "num_statements": 0, "percent_covered": 100.0, "percent_covered_display": "100", "missing_lines": 0, "excluded_lines": 0}, "missing_lines": [], "excluded_lines": []}, "RoleAssignmentRead": {"executed_lines": [], "summary": {"covered_lines": 0, "num_statements": 0, "percent_covered": 100.0, "percent_covered_display": "100", "missing_lines": 0, "excluded_lines": 0}, "missing_lines": [], "excluded_lines": []}, "RoleAssignmentCreate": {"executed_lines": [98, 99, 100, 101, 102, 108, 109, 110, 111, 112, 116, 117, 118, 119, 120, 121, 124, 125, 126], "summary": {"covered_lines": 19, "num_statements": 19, "percent_covered": 100.0, "percent_covered_display": "100", "missing_lines": 0, "excluded_lines": 0}, "missing_lines": [], "excluded_lines": []}, "": {"executed_lines": [1, 3, 4, 5, 7, 8, 9, 11, 13, 20, 21, 27, 29, 30, 33, 34, 35, 36, 39, 40, 43, 44, 45, 46, 49, 50, 51, 52, 54, 65, 66, 68, 69, 70, 71, 72, 73, 74, 75, 76, 77, 78, 79, 82, 83, 85, 86, 87, 88, 89, 90, 91, 92, 94, 95, 96, 104, 105, 106, 114], "summary": {"covered_lines": 56, "num_statements": 60, "percent_covered": 93.33333333333333, "percent_covered_display": "93", "missing_lines": 4, "excluded_lines": 0}, "missing_lines": [14, 15, 16, 17], "excluded_lines": []}}}, "src/backend/base/langflow/services/database/models/rbac/role_permission.py": {"executed_lines": [1, 3, 4, 6, 8, 10, 15, 16, 22, 24, 25, 26, 29, 30, 32], "summary": {"covered_lines": 13, "num_statements": 15, "percent_covered": 86.66666666666667, "percent_covered_display": "87", "missing_lines": 2, "excluded_lines": 0}, "missing_lines": [11, 12], "excluded_lines": [], "functions": {"": {"executed_lines": [1, 3, 4, 6, 8, 10, 15, 16, 22, 24, 25, 26, 29, 30, 32], "summary": {"covered_lines": 13, "num_statements": 15, "percent_covered": 86.66666666666667, "percent_covered_display": "87", "missing_lines": 2, "excluded_lines": 0}, "missing_lines": [11, 12], "excluded_lines": []}}, "classes": {"RolePermission": {"executed_lines": [], "summary": {"covered_lines": 0, "num_statements": 0, "percent_covered": 100.0, "percent_covered_display": "100", "missing_lines": 0, "excluded_lines": 0}, "missing_lines": [], "excluded_lines": []}, "": {"executed_lines": [1, 3, 4, 6, 8, 10, 15, 16, 22, 24, 25, 26, 29, 30, 32], "summary": {"covered_lines": 13, "num_statements": 15, "percent_covered": 86.66666666666667, "percent_covered_display": "87", "missing_lines": 2, "excluded_lines": 0}, "missing_lines": [11, 12], "excluded_lines": []}}}, "src/backend/base/langflow/services/database/models/rbac/service_account.py": {"executed_lines": [1, 3, 4, 5, 7, 9, 11, 16, 17, 23, 25, 26, 27, 28, 31, 34, 35, 36, 39, 43, 49, 50, 52, 53, 54, 55, 56, 57, 58, 59, 62, 63, 65, 66, 67, 70, 71, 73, 74, 75], "summary": {"covered_lines": 35, "num_statements": 37, "percent_covered": 94.5945945945946, "percent_covered_display": "95", "missing_lines": 2, "excluded_lines": 0}, "missing_lines": [12, 13], "excluded_lines": [], "functions": {"": {"executed_lines": [1, 3, 4, 5, 7, 9, 11, 16, 17, 23, 25, 26, 27, 28, 31, 34, 35, 36, 39, 43, 49, 50, 52, 53, 54, 55, 56, 57, 58, 59, 62, 63, 65, 66, 67, 70, 71, 73, 74, 75], "summary": {"covered_lines": 35, "num_statements": 37, "percent_covered": 94.5945945945946, "percent_covered_display": "95", "missing_lines": 2, "excluded_lines": 0}, "missing_lines": [12, 13], "excluded_lines": []}}, "classes": {"ServiceAccount": {"executed_lines": [], "summary": {"covered_lines": 0, "num_statements": 0, "percent_covered": 100.0, "percent_covered_display": "100", "missing_lines": 0, "excluded_lines": 0}, "missing_lines": [], "excluded_lines": []}, "ServiceAccountRead": {"executed_lines": [], "summary": {"covered_lines": 0, "num_statements": 0, "percent_covered": 100.0, "percent_covered_display": "100", "missing_lines": 0, "excluded_lines": 0}, "missing_lines": [], "excluded_lines": []}, "ServiceAccountCreate": {"executed_lines": [], "summary": {"covered_lines": 0, "num_statements": 0, "percent_covered": 100.0, "percent_covered_display": "100", "missing_lines": 0, "excluded_lines": 0}, "missing_lines": [], "excluded_lines": []}, "ServiceAccountUpdate": {"executed_lines": [], "summary": {"covered_lines": 0, "num_statements": 0, "percent_covered": 100.0, "percent_covered_display": "100", "missing_lines": 0, "excluded_lines": 0}, "missing_lines": [], "excluded_lines": []}, "": {"executed_lines": [1, 3, 4, 5, 7, 9, 11, 16, 17, 23, 25, 26, 27, 28, 31, 34, 35, 36, 39, 43, 49, 50, 52, 53, 54, 55, 56, 57, 58, 59, 62, 63, 65, 66, 67, 70, 71, 73, 74, 75], "summary": {"covered_lines": 35, "num_statements": 37, "percent_covered": 94.5945945945946, "percent_covered_display": "95", "missing_lines": 2, "excluded_lines": 0}, "missing_lines": [12, 13], "excluded_lines": []}}}, "src/backend/base/langflow/services/database/models/rbac/sso_integration.py": {"executed_lines": [1, 3, 4, 5, 7, 8, 9, 11, 14, 15, 20, 22, 25, 26, 27, 30, 33, 36, 39, 40, 41, 44, 45, 47, 48, 49, 50, 51, 52, 53, 54, 57, 58, 60, 61, 62, 63, 64, 66, 67, 68, 70, 71, 72, 73, 74, 77, 78, 80, 81, 82, 83], "summary": {"covered_lines": 47, "num_statements": 47, "percent_covered": 100.0, "percent_covered_display": "100", "missing_lines": 0, "excluded_lines": 0}, "missing_lines": [], "excluded_lines": [], "functions": {"SSOIntegrationCreate.validate_provider_type": {"executed_lines": [70, 71, 72, 73, 74], "summary": {"covered_lines": 5, "num_statements": 5, "percent_covered": 100.0, "percent_covered_display": "100", "missing_lines": 0, "excluded_lines": 0}, "missing_lines": [], "excluded_lines": []}, "": {"executed_lines": [1, 3, 4, 5, 7, 8, 9, 11, 14, 15, 20, 22, 25, 26, 27, 30, 33, 36, 39, 40, 41, 44, 45, 47, 48, 49, 50, 51, 52, 53, 54, 57, 58, 60, 61, 62, 63, 64, 66, 67, 68, 77, 78, 80, 81, 82, 83], "summary": {"covered_lines": 42, "num_statements": 42, "percent_covered": 100.0, "percent_covered_display": "100", "missing_lines": 0, "excluded_lines": 0}, "missing_lines": [], "excluded_lines": []}}, "classes": {"SSOIntegration": {"executed_lines": [], "summary": {"covered_lines": 0, "num_statements": 0, "percent_covered": 100.0, "percent_covered_display": "100", "missing_lines": 0, "excluded_lines": 0}, "missing_lines": [], "excluded_lines": []}, "SSOIntegrationRead": {"executed_lines": [], "summary": {"covered_lines": 0, "num_statements": 0, "percent_covered": 100.0, "percent_covered_display": "100", "missing_lines": 0, "excluded_lines": 0}, "missing_lines": [], "excluded_lines": []}, "SSOIntegrationCreate": {"executed_lines": [70, 71, 72, 73, 74], "summary": {"covered_lines": 5, "num_statements": 5, "percent_covered": 100.0, "percent_covered_display": "100", "missing_lines": 0, "excluded_lines": 0}, "missing_lines": [], "excluded_lines": []}, "SSOIntegrationUpdate": {"executed_lines": [], "summary": {"covered_lines": 0, "num_statements": 0, "percent_covered": 100.0, "percent_covered_display": "100", "missing_lines": 0, "excluded_lines": 0}, "missing_lines": [], "excluded_lines": []}, "": {"executed_lines": [1, 3, 4, 5, 7, 8, 9, 11, 14, 15, 20, 22, 25, 26, 27, 30, 33, 36, 39, 40, 41, 44, 45, 47, 48, 49, 50, 51, 52, 53, 54, 57, 58, 60, 61, 62, 63, 64, 66, 67, 68, 77, 78, 80, 81, 82, 83], "summary": {"covered_lines": 42, "num_statements": 42, "percent_covered": 100.0, "percent_covered_display": "100", "missing_lines": 0, "excluded_lines": 0}, "missing_lines": [], "excluded_lines": []}}}}, "totals": {"covered_lines": 284, "num_statements": 301, "percent_covered": 94.35215946843854, "percent_covered_display": "94", "missing_lines": 17, "excluded_lines": 0}}